W0314 02:13:54.006000 49328 site-packages/torch/distributed/run.py:792] 
W0314 02:13:54.006000 49328 site-packages/torch/distributed/run.py:792] *****************************************
W0314 02:13:54.006000 49328 site-packages/torch/distributed/run.py:792] Setting OMP_NUM_THREADS environment variable for each process to be 1 in default, to avoid your system being overloaded, please further tune the variable for optimal performance in your application as needed. 
W0314 02:13:54.006000 49328 site-packages/torch/distributed/run.py:792] *****************************************
INFO:src.run:Loaded config: configs/v4.yaml
INFO:src.utils.distributed:Initialized distributed process group (backend=nccl rank=0 local_rank=0 world_size=4).
2026-03-14 02:13:58 INFO Startup | Rank: 0 | Run Id: 20260306_133901 | Seed: 47 | Stages: ['evaluate'] | World Size: 4
2026-03-14 02:13:58 INFO Startup | Rank: 0 | Run Id: 20260306_133901 | Seed: 47 | Stages: ['evaluate'] | World Size: 4
2026-03-14 02:13:58 INFO Device | Resolved Device: cuda:0
2026-03-14 02:13:58 INFO Device | Resolved Device: cuda:0
[rank1]:[W314 02:13:59.463468134 ProcessGroupNCCL.cpp:4561] [PG ID 0 PG GUID 0 Rank 1]  using GPU 1 to perform barrier as devices used by this process are currently unknown. This can potentially cause a hang if this rank to GPU mapping is incorrect. Specify device_ids in barrier() to force use of a particular device, or call init_process_group() with a device_id.
[rank3]:[W314 02:13:59.464164204 ProcessGroupNCCL.cpp:4561] [PG ID 0 PG GUID 0 Rank 3]  using GPU 3 to perform barrier as devices used by this process are currently unknown. This can potentially cause a hang if this rank to GPU mapping is incorrect. Specify device_ids in barrier() to force use of a particular device, or call init_process_group() with a device_id.
[rank2]:[W314 02:13:59.464770482 ProcessGroupNCCL.cpp:4561] [PG ID 0 PG GUID 0 Rank 2]  using GPU 2 to perform barrier as devices used by this process are currently unknown. This can potentially cause a hang if this rank to GPU mapping is incorrect. Specify device_ids in barrier() to force use of a particular device, or call init_process_group() with a device_id.
[rank0]:[W314 02:13:59.498418149 ProcessGroupNCCL.cpp:4561] [PG ID 0 PG GUID 0 Rank 0]  using GPU 0 to perform barrier as devices used by this process are currently unknown. This can potentially cause a hang if this rank to GPU mapping is incorrect. Specify device_ids in barrier() to force use of a particular device, or call init_process_group() with a device_id.
2026-03-14 02:14:41 INFO Data Ready | Test: 54126 | Train: 97555 | Valid: 24389
2026-03-14 02:14:41 INFO Data Ready | Test: 54126 | Train: 97555 | Valid: 24389
2026-03-14 02:14:41 INFO Model Init | Model: v4 | Params: 7904833
2026-03-14 02:14:44 INFO DDP Ready | Wrapped: True
2026-03-14 02:14:44 INFO DDP Ready | Wrapped: True
2026-03-14 02:14:44 INFO Begin Adaptation
2026-03-14 02:14:44 INFO Stage Start | Checkpoint: models/v4/train/20260306_133901/best_model.pth | Method: shot | Run Id: 20260306_133901
2026-03-14 02:14:44 INFO Checkpoint Loaded | Path: models/v4/train/20260306_133901/best_model.pth
2026-03-14 02:14:44 INFO Adapt Config | Beta: 0.3000 | Epochs: 15 | Target Split: test | Trainable Params: 7241984
WARNING:py.warnings:/public/home/wangar2023/.conda/envs/relic/lib/python3.11/site-packages/torch/optim/lr_scheduler.py:227: UserWarning: Detected call of `lr_scheduler.step()` before `optimizer.step()`. In PyTorch 1.1.0 and later, you should call them in the opposite order: `optimizer.step()` before `lr_scheduler.step()`.  Failure to do this will result in PyTorch skipping the first value of the learning rate schedule. See more details at https://pytorch.org/docs/stable/optim.html#how-to-adjust-learning-rate
  warnings.warn(

2026-03-14 02:22:05 INFO Epoch Done | Diversity Loss: -0.6504 | Entropy Loss: 0.1814 | Epoch: 1 | LR: 0.0001 | Pseudo Ce Loss: 0.2541 | Time: 440.7642 | Total Loss: -0.3928
2026-03-14 02:29:26 INFO Epoch Done | Diversity Loss: -0.6610 | Entropy Loss: 0.1256 | Epoch: 2 | LR: 0.0001 | Pseudo Ce Loss: 0.1789 | Time: 441.5448 | Total Loss: -0.4818
2026-03-14 02:37:08 INFO Epoch Done | Diversity Loss: -0.6589 | Entropy Loss: 0.1007 | Epoch: 3 | LR: 0.0000 | Pseudo Ce Loss: 0.1607 | Time: 461.3750 | Total Loss: -0.5100
2026-03-14 02:45:07 INFO Epoch Done | Diversity Loss: -0.6562 | Entropy Loss: 0.0873 | Epoch: 4 | LR: 0.0000 | Pseudo Ce Loss: 0.1500 | Time: 479.3711 | Total Loss: -0.5239
2026-03-14 02:52:28 INFO Epoch Done | Diversity Loss: -0.6542 | Entropy Loss: 0.0801 | Epoch: 5 | LR: 0.0000 | Pseudo Ce Loss: 0.1444 | Time: 440.6550 | Total Loss: -0.5308
2026-03-14 02:59:59 INFO Epoch Done | Diversity Loss: -0.6558 | Entropy Loss: 0.0775 | Epoch: 6 | LR: 0.0000 | Pseudo Ce Loss: 0.1393 | Time: 451.3141 | Total Loss: -0.5365
2026-03-14 03:07:28 INFO Epoch Done | Diversity Loss: -0.6625 | Entropy Loss: 0.0812 | Epoch: 7 | LR: 0.0000 | Pseudo Ce Loss: 0.1738 | Time: 449.1410 | Total Loss: -0.5291
2026-03-14 03:15:13 INFO Epoch Done | Diversity Loss: -0.6685 | Entropy Loss: 0.0871 | Epoch: 8 | LR: 0.0000 | Pseudo Ce Loss: 0.1636 | Time: 465.1094 | Total Loss: -0.5323
2026-03-14 03:22:48 INFO Epoch Done | Diversity Loss: -0.6658 | Entropy Loss: 0.0819 | Epoch: 9 | LR: 0.0000 | Pseudo Ce Loss: 0.1380 | Time: 454.4693 | Total Loss: -0.5425
2026-03-14 03:30:05 INFO Epoch Done | Diversity Loss: -0.6598 | Entropy Loss: 0.0739 | Epoch: 10 | LR: 0.0000 | Pseudo Ce Loss: 0.1272 | Time: 437.0556 | Total Loss: -0.5478
2026-03-14 03:37:39 INFO Epoch Done | Diversity Loss: -0.6556 | Entropy Loss: 0.0703 | Epoch: 11 | LR: 0.0000 | Pseudo Ce Loss: 0.1212 | Time: 454.0421 | Total Loss: -0.5490
2026-03-14 03:45:26 INFO Epoch Done | Diversity Loss: -0.6551 | Entropy Loss: 0.0659 | Epoch: 12 | LR: 0.0000 | Pseudo Ce Loss: 0.1166 | Time: 467.2372 | Total Loss: -0.5542
2026-03-14 03:52:48 INFO Epoch Done | Diversity Loss: -0.6535 | Entropy Loss: 0.0620 | Epoch: 13 | LR: 0.0000 | Pseudo Ce Loss: 0.1172 | Time: 441.7496 | Total Loss: -0.5563
2026-03-14 04:00:15 INFO Epoch Done | Diversity Loss: -0.6519 | Entropy Loss: 0.0598 | Epoch: 14 | LR: 0.0000 | Pseudo Ce Loss: 0.1174 | Time: 446.9532 | Total Loss: -0.5569
2026-03-14 04:07:49 INFO Epoch Done | Diversity Loss: -0.6530 | Entropy Loss: 0.0581 | Epoch: 15 | LR: 0.0000 | Pseudo Ce Loss: 0.1148 | Time: 454.0750 | Total Loss: -0.5605
2026-03-14 04:07:49 INFO Checkpoint Saved | Path: models/v4/adapt/20260306_133901/best_model.pth
2026-03-14 04:07:49 INFO Stage Done | Run Id: 20260306_133901
2026-03-14 04:07:49 INFO End Adaptation
2026-03-14 04:07:49 INFO Begin Evaluation
2026-03-14 04:07:49 INFO Stage Start | Checkpoint: models/v4/adapt/20260306_133901/best_model.pth | Run Id: 20260306_133901
2026-03-14 04:07:49 INFO Checkpoint Loaded | Path: models/v4/adapt/20260306_133901/best_model.pth
2026-03-14 04:15:27 INFO Evaluation Metrics | Accuracy: 0.4877 | AUPRC: 0.4848 | Auroc: 0.4944 | F1: 0.4396 | Mcc: -0.0249 | Precision: 0.4853 | Recall: 0.4018 | Sensitivity: 0.4018 | Specificity: 0.5737 | Split: test
2026-03-14 04:15:27 INFO CSV Written | Path: logs/v4/evaluate/20260306_133901/evaluate.csv
2026-03-14 04:15:27 INFO Stage Done | Run Id: 20260306_133901
2026-03-14 04:15:47 INFO End Evaluation
