W0315 23:13:50.065000 119837 site-packages/torch/distributed/run.py:792] 
W0315 23:13:50.065000 119837 site-packages/torch/distributed/run.py:792] *****************************************
W0315 23:13:50.065000 119837 site-packages/torch/distributed/run.py:792] Setting OMP_NUM_THREADS environment variable for each process to be 1 in default, to avoid your system being overloaded, please further tune the variable for optimal performance in your application as needed. 
W0315 23:13:50.065000 119837 site-packages/torch/distributed/run.py:792] *****************************************
INFO:src.run:Loaded config: configs/v4.yaml
INFO:src.utils.distributed:Initialized distributed process group (backend=nccl rank=0 local_rank=0 world_size=4).
2026-03-15 23:13:54 INFO Startup | Rank: 0 | Run Id: 20260306_133901 | Seed: 47 | Stages: ['evaluate'] | World Size: 4
2026-03-15 23:13:54 INFO Device | Resolved Device: cuda:0
[rank3]:[W315 23:13:55.508797802 ProcessGroupNCCL.cpp:4561] [PG ID 0 PG GUID 0 Rank 3]  using GPU 3 to perform barrier as devices used by this process are currently unknown. This can potentially cause a hang if this rank to GPU mapping is incorrect. Specify device_ids in barrier() to force use of a particular device, or call init_process_group() with a device_id.
[rank2]:[W315 23:13:55.508808538 ProcessGroupNCCL.cpp:4561] [PG ID 0 PG GUID 0 Rank 2]  using GPU 2 to perform barrier as devices used by this process are currently unknown. This can potentially cause a hang if this rank to GPU mapping is incorrect. Specify device_ids in barrier() to force use of a particular device, or call init_process_group() with a device_id.
[rank0]:[W315 23:13:55.512049230 ProcessGroupNCCL.cpp:4561] [PG ID 0 PG GUID 0 Rank 0]  using GPU 0 to perform barrier as devices used by this process are currently unknown. This can potentially cause a hang if this rank to GPU mapping is incorrect. Specify device_ids in barrier() to force use of a particular device, or call init_process_group() with a device_id.
[rank1]:[W315 23:13:55.516023160 ProcessGroupNCCL.cpp:4561] [PG ID 0 PG GUID 0 Rank 1]  using GPU 1 to perform barrier as devices used by this process are currently unknown. This can potentially cause a hang if this rank to GPU mapping is incorrect. Specify device_ids in barrier() to force use of a particular device, or call init_process_group() with a device_id.
2026-03-15 23:14:36 INFO Data Ready | Test: 54126 | Train: 97555 | Valid: 24389
2026-03-15 23:14:36 INFO Model Init | Model: v4 | Params: 7904833
2026-03-15 23:14:39 INFO DDP Ready | Wrapped: True
2026-03-15 23:14:39 INFO Begin Evaluation
2026-03-15 23:14:39 INFO Stage Start | Checkpoint: models/v4/train/20260306_133901/best_model.pth | Run Id: 20260306_133901
2026-03-15 23:14:39 INFO Checkpoint Loaded | Path: models/v4/train/20260306_133901/best_model.pth
2026-03-15 23:22:37 INFO Evaluation Metrics | Accuracy: 0.6057 | AUPRC: 0.6890 | Auroc: 0.6676 | F1: 0.4698 | Mcc: 0.2465 | Precision: 0.7174 | Recall: 0.3492 | Sensitivity: 0.3492 | Specificity: 0.8624 | Split: test
2026-03-15 23:22:37 INFO CSV Written | Path: logs/v4/evaluate/20260306_133901/evaluate.csv
2026-03-15 23:22:37 INFO Stage Done | Run Id: 20260306_133901
2026-03-15 23:22:37 INFO End Evaluation
