warning: `VIRTUAL_ENV=/public/home/wangar2023/relic/.venv` does not match the project environment path `.venv` and will be ignored; use `--active` to target the active environment instead
warning: `VIRTUAL_ENV=/public/home/wangar2023/relic/.venv` does not match the project environment path `.venv` and will be ignored; use `--active` to target the active environment instead

*****************************************
Setting OMP_NUM_THREADS environment variable for each process to be 1 in default, to avoid your system being overloaded, please further tune the variable for optimal performance in your application as needed. 
*****************************************
INFO:src.utils.distributed:Initialized distributed process group (backend=nccl rank=0 local_rank=0 world_size=4).
INFO:src.utils.distributed:Initialized distributed process group (backend=nccl rank=2 local_rank=2 world_size=4).
INFO:src.utils.distributed:Initialized distributed process group (backend=nccl rank=3 local_rank=3 world_size=4).
INFO:src.utils.distributed:Initialized distributed process group (backend=nccl rank=1 local_rank=1 world_size=4).
2026-04-07 17:00:36 INFO Startup | Rank: 0 | Run Id: 20260407_170036 | Seed: 47 | Stages: ['topology_finetune', 'evaluate', 'topology_evaluate'] | World Size: 4
2026-04-07 17:00:36 INFO Startup | Rank: 0 | Run Id: 20260407_170036 | Seed: 47 | Stages: ['topology_finetune', 'evaluate', 'topology_evaluate'] | World Size: 4
2026-04-07 17:00:36 INFO Startup | Rank: 0 | Run Id: 20260407_170036 | Seed: 47 | Stages: ['topology_finetune', 'evaluate', 'topology_evaluate'] | World Size: 4
2026-04-07 17:00:36 INFO Device | Resolved Device: cuda:0
2026-04-07 17:00:36 INFO Device | Resolved Device: cuda:0
2026-04-07 17:00:36 INFO Device | Resolved Device: cuda:0
[rank1]:[W407 17:00:36.370117034 ProcessGroupNCCL.cpp:4561] [PG ID 0 PG GUID 0 Rank 1]  using GPU 1 to perform barrier as devices used by this process are currently unknown. This can potentially cause a hang if this rank to GPU mapping is incorrect. Specify device_ids in barrier() to force use of a particular device, or call init_process_group() with a device_id.
[rank3]:[W407 17:00:36.370313445 ProcessGroupNCCL.cpp:4561] [PG ID 0 PG GUID 0 Rank 3]  using GPU 3 to perform barrier as devices used by this process are currently unknown. This can potentially cause a hang if this rank to GPU mapping is incorrect. Specify device_ids in barrier() to force use of a particular device, or call init_process_group() with a device_id.
[rank2]:[W407 17:00:36.370401244 ProcessGroupNCCL.cpp:4561] [PG ID 0 PG GUID 0 Rank 2]  using GPU 2 to perform barrier as devices used by this process are currently unknown. This can potentially cause a hang if this rank to GPU mapping is incorrect. Specify device_ids in barrier() to force use of a particular device, or call init_process_group() with a device_id.
[rank0]:[W407 17:00:36.477397472 ProcessGroupNCCL.cpp:4561] [PG ID 0 PG GUID 0 Rank 0]  using GPU 0 to perform barrier as devices used by this process are currently unknown. This can potentially cause a hang if this rank to GPU mapping is incorrect. Specify device_ids in barrier() to force use of a particular device, or call init_process_group() with a device_id.
2026-04-07 17:05:38 INFO Data Ready | Test: 54126 | Train: 97555 | Valid: 24389
2026-04-07 17:05:38 INFO Data Ready | Test: 54126 | Train: 97555 | Valid: 24389
2026-04-07 17:05:38 INFO Data Ready | Test: 54126 | Train: 97555 | Valid: 24389
2026-04-07 17:05:39 INFO Model Init | Model: v3 | Params: 26439937
2026-04-07 17:05:48 INFO DDP Ready | Wrapped: True
2026-04-07 17:05:48 INFO DDP Ready | Wrapped: True
2026-04-07 17:05:48 INFO DDP Ready | Wrapped: True
2026-04-07 17:05:48 INFO Begin Topology Finetuning
2026-04-07 17:05:48 INFO Stage Start | Checkpoint: models/v3/train/20260308_002906/best_model.pth | Run Id: 20260407_170036
2026-04-07 17:06:25 INFO Finetune Config | Epochs: 15 | Internal Validation Subgraphs: 32 | Monitor: val_auprc | Pair Batch Size: 16 | Subgraphs Per Epoch: 256
2026-04-07 17:28:52 INFO Best Saved | Epoch: 1 | Monitor: val_auprc | Value: 0.9298
2026-04-07 17:28:52 INFO Epoch Done | Epoch: 1 | Internal Val Graph Sim: 0.2103 | Train Loss: 1.1604 | Val AUPRC: 0.9298
2026-04-07 17:51:28 INFO Epoch Done | Epoch: 2 | Internal Val Graph Sim: 0.1807 | Train Loss: 1.1038 | Val AUPRC: 0.9119
2026-04-07 18:14:10 INFO Epoch Done | Epoch: 3 | Internal Val Graph Sim: 0.2066 | Train Loss: 0.8450 | Val AUPRC: 0.9107
2026-04-07 18:38:03 INFO Epoch Done | Epoch: 4 | Internal Val Graph Sim: 0.2051 | Train Loss: 0.8233 | Val AUPRC: 0.9089
2026-04-07 18:38:03 INFO Early Stop | Epoch: 4
2026-04-07 18:38:03 INFO Stage Done | Run Id: 20260407_170036
2026-04-07 18:38:03 INFO End Topology Finetuning
2026-04-07 18:38:03 INFO Begin Evaluation
2026-04-07 18:38:03 INFO Stage Start | Checkpoint: models/v3/topology_finetune/20260407_170036/best_model.pth | Run Id: 20260407_170036
2026-04-07 18:38:03 INFO Checkpoint Loaded | Path: models/v3/topology_finetune/20260407_170036/best_model.pth
2026-04-07 18:41:18 INFO Decision Threshold | Mode: best_f1_on_valid | Value: 0.0937
2026-04-07 18:47:09 INFO Evaluation Metrics | Accuracy: 0.6194 | AUPRC: 0.6994 | Auroc: 0.6801 | F1: 0.6309 | Mcc: 0.2393 | Precision: 0.6126 | Recall: 0.6503 | Sensitivity: 0.6503 | Specificity: 0.5886 | Split: test
2026-04-07 18:47:09 INFO CSV Written | Path: logs/v3/evaluate/20260407_170036/evaluate.csv
2026-04-07 18:47:09 INFO Stage Done | Run Id: 20260407_170036
2026-04-07 18:47:09 INFO End Evaluation
2026-04-07 18:47:09 INFO Begin Topology Evaluation
2026-04-07 18:47:09 INFO Stage Start | Checkpoint: models/v3/topology_finetune/20260407_170036/best_model.pth | Run Id: 20260407_170036
2026-04-07 18:50:54 INFO Decision Threshold | Mode: best_f1_on_valid | Value: 0.0937
slurmstepd: error: *** JOB 877662 ON hexm01 CANCELLED AT 2026-04-07T20:07:23 ***
