Warning: torch was built against CUDA 12.8, but using toolkit 12.5 at /public/software/CUDA/cuda-12.5.
Set GRAND_CUDA_VERSION or CUDA_HOME to an exact-match toolkit to avoid DS_SKIP_CUDA_CHECK=1.

*****************************************
Setting OMP_NUM_THREADS environment variable for each process to be 1 in default, to avoid your system being overloaded, please further tune the variable for optimal performance in your application as needed. 
*****************************************
INFO:src.pipeline.__main__:Loaded config: configs/v3/ablations/0407/ws_n20.yaml
WARNING:accelerate.utils.other:[RANK 0] Detected kernel version 3.10.0, which is below the recommended minimum of 5.5.0; this can cause the process to hang. It is recommended to upgrade the kernel to the minimum version or higher.
WARNING:py.warnings:/public/home/wangar2023/grand/.venv/lib/python3.11/site-packages/torch/distributed/c10d_logger.py:83: UserWarning: barrier(): using the device under current context. You can specify `device_id` in `init_process_group` to mute this warning.
  return func(*args, **kwargs)

2026-04-25 19:41:08 INFO Pipeline Runtime | Device: cuda:0 | Distributed: True | Test Batches: 1691 | Train Batches: 762 | Valid Batches: 762 | World Size: 4
2026-04-25 19:41:08 INFO Stage Start | Checkpoint: models/v3/topology_finetune/ws_n20/best_model.pth | Run Id: ws_n20_0.5
WARNING:py.warnings:/public/home/wangar2023/grand/.venv/lib/python3.11/site-packages/deepspeed/runtime/zero/linear.py:47: FutureWarning: `torch.cuda.amp.custom_fwd(args...)` is deprecated. Please use `torch.amp.custom_fwd(args..., device_type='cuda')` instead.
  @autocast_custom_fwd

WARNING:py.warnings:/public/home/wangar2023/grand/.venv/lib/python3.11/site-packages/deepspeed/runtime/zero/linear.py:66: FutureWarning: `torch.cuda.amp.custom_bwd(args...)` is deprecated. Please use `torch.amp.custom_bwd(args..., device_type='cuda')` instead.
  @autocast_custom_bwd

2026-04-25 19:41:55 INFO Checkpoint Loaded | Path: models/v3/topology_finetune/ws_n20/best_model.pth
2026-04-25 19:41:55 INFO Decision Threshold | Mode: fixed | Value: 0.5000
2026-04-25 19:50:23 INFO Evaluation Metrics | Accuracy: 0.6203 | AUPRC: 0.6984 | Auroc: 0.6806 | F1: 0.5413 | Mcc: 0.2565 | Precision: 0.6839 | Recall: 0.4479 | Sensitivity: 0.4479 | Specificity: 0.7928 | Split: test
2026-04-25 19:50:23 INFO CSV Written | Path: logs/v3/evaluate/ws_n20_0.5/evaluate.csv
2026-04-25 19:50:23 INFO Stage Done | Run Id: ws_n20_0.5
2026-04-25 19:50:23 INFO Stage Start | Checkpoint: models/v3/topology_finetune/ws_n20/best_model.pth | Run Id: ws_n20_0.5
2026-04-25 19:50:23 INFO Decision Threshold | Mode: fixed | Value: 0.5000
2026-04-25 19:52:40 INFO Topology Inference Ready | Cached Embedding Count: 2017 | Distributed: True | Pair Count: 2035153 | World Size: 4
2026-04-25 22:25:06 INFO Pair Predictions Written | Path: logs/v3/topology_evaluate/ws_n20_0.5/all_test_ppi_pred.txt
2026-04-25 22:29:17 INFO Topology Metrics Written | Path: logs/v3/topology_evaluate/ws_n20_0.5/topology_metrics.json
2026-04-25 22:29:17 INFO Comparison Report Skipped | Reason: missing_baselines:src/topology/baselines/pring_human_table2.json
2026-04-25 22:29:17 INFO Stage Done | Run Id: ws_n20_0.5
[rank0]:[W425 22:29:20.509292005 ProcessGroupNCCL.cpp:1553] Warning: WARNING: destroy_process_group() was not called before program exit, which can leak resources. For more info, please see https://pytorch.org/docs/stable/distributed.html#shutdown (function operator())

*****************************************
Setting OMP_NUM_THREADS environment variable for each process to be 1 in default, to avoid your system being overloaded, please further tune the variable for optimal performance in your application as needed. 
*****************************************
INFO:src.pipeline.__main__:Loaded config: configs/v3/ablations/0407/ws_n30.yaml
WARNING:accelerate.utils.other:[RANK 0] Detected kernel version 3.10.0, which is below the recommended minimum of 5.5.0; this can cause the process to hang. It is recommended to upgrade the kernel to the minimum version or higher.
WARNING:py.warnings:/public/home/wangar2023/grand/.venv/lib/python3.11/site-packages/torch/distributed/c10d_logger.py:83: UserWarning: barrier(): using the device under current context. You can specify `device_id` in `init_process_group` to mute this warning.
  return func(*args, **kwargs)

2026-04-25 22:34:38 INFO Pipeline Runtime | Device: cuda:0 | Distributed: True | Test Batches: 1691 | Train Batches: 762 | Valid Batches: 762 | World Size: 4
2026-04-25 22:34:38 INFO Stage Start | Checkpoint: models/v3/topology_finetune/ws_n30/best_model.pth | Run Id: ws_n30_0.5
WARNING:py.warnings:/public/home/wangar2023/grand/.venv/lib/python3.11/site-packages/deepspeed/runtime/zero/linear.py:47: FutureWarning: `torch.cuda.amp.custom_fwd(args...)` is deprecated. Please use `torch.amp.custom_fwd(args..., device_type='cuda')` instead.
  @autocast_custom_fwd

WARNING:py.warnings:/public/home/wangar2023/grand/.venv/lib/python3.11/site-packages/deepspeed/runtime/zero/linear.py:66: FutureWarning: `torch.cuda.amp.custom_bwd(args...)` is deprecated. Please use `torch.amp.custom_bwd(args..., device_type='cuda')` instead.
  @autocast_custom_bwd

2026-04-25 22:35:25 INFO Checkpoint Loaded | Path: models/v3/topology_finetune/ws_n30/best_model.pth
2026-04-25 22:35:25 INFO Decision Threshold | Mode: fixed | Value: 0.5000
2026-04-25 22:43:16 INFO Evaluation Metrics | Accuracy: 0.6178 | AUPRC: 0.7006 | Auroc: 0.6853 | F1: 0.5061 | Mcc: 0.2643 | Precision: 0.7154 | Recall: 0.3915 | Sensitivity: 0.3915 | Specificity: 0.8442 | Split: test
2026-04-25 22:43:16 INFO CSV Written | Path: logs/v3/evaluate/ws_n30_0.5/evaluate.csv
2026-04-25 22:43:16 INFO Stage Done | Run Id: ws_n30_0.5
2026-04-25 22:43:16 INFO Stage Start | Checkpoint: models/v3/topology_finetune/ws_n30/best_model.pth | Run Id: ws_n30_0.5
2026-04-25 22:43:16 INFO Decision Threshold | Mode: fixed | Value: 0.5000
2026-04-25 22:44:16 INFO Topology Inference Ready | Cached Embedding Count: 2017 | Distributed: True | Pair Count: 2035153 | World Size: 4
2026-04-26 01:14:31 INFO Pair Predictions Written | Path: logs/v3/topology_evaluate/ws_n30_0.5/all_test_ppi_pred.txt
2026-04-26 01:16:51 INFO Topology Metrics Written | Path: logs/v3/topology_evaluate/ws_n30_0.5/topology_metrics.json
2026-04-26 01:16:51 INFO Comparison Report Skipped | Reason: missing_baselines:src/topology/baselines/pring_human_table2.json
2026-04-26 01:16:51 INFO Stage Done | Run Id: ws_n30_0.5
[rank0]:[W426 01:16:53.893466509 ProcessGroupNCCL.cpp:1553] Warning: WARNING: destroy_process_group() was not called before program exit, which can leak resources. For more info, please see https://pytorch.org/docs/stable/distributed.html#shutdown (function operator())

*****************************************
Setting OMP_NUM_THREADS environment variable for each process to be 1 in default, to avoid your system being overloaded, please further tune the variable for optimal performance in your application as needed. 
*****************************************
INFO:src.pipeline.__main__:Loaded config: configs/v3/ablations/0407/ws_n40.yaml
WARNING:accelerate.utils.other:[RANK 0] Detected kernel version 3.10.0, which is below the recommended minimum of 5.5.0; this can cause the process to hang. It is recommended to upgrade the kernel to the minimum version or higher.
WARNING:py.warnings:/public/home/wangar2023/grand/.venv/lib/python3.11/site-packages/torch/distributed/c10d_logger.py:83: UserWarning: barrier(): using the device under current context. You can specify `device_id` in `init_process_group` to mute this warning.
  return func(*args, **kwargs)

2026-04-26 01:19:28 INFO Pipeline Runtime | Device: cuda:0 | Distributed: True | Test Batches: 1691 | Train Batches: 762 | Valid Batches: 762 | World Size: 4
2026-04-26 01:19:28 INFO Stage Start | Checkpoint: models/v3/topology_finetune/ws_n40/best_model.pth | Run Id: ws_n40_0.5
WARNING:py.warnings:/public/home/wangar2023/grand/.venv/lib/python3.11/site-packages/deepspeed/runtime/zero/linear.py:47: FutureWarning: `torch.cuda.amp.custom_fwd(args...)` is deprecated. Please use `torch.amp.custom_fwd(args..., device_type='cuda')` instead.
  @autocast_custom_fwd

WARNING:py.warnings:/public/home/wangar2023/grand/.venv/lib/python3.11/site-packages/deepspeed/runtime/zero/linear.py:66: FutureWarning: `torch.cuda.amp.custom_bwd(args...)` is deprecated. Please use `torch.amp.custom_bwd(args..., device_type='cuda')` instead.
  @autocast_custom_bwd

2026-04-26 01:19:43 INFO Checkpoint Loaded | Path: models/v3/topology_finetune/ws_n40/best_model.pth
2026-04-26 01:19:43 INFO Decision Threshold | Mode: fixed | Value: 0.5000
2026-04-26 01:27:43 INFO Evaluation Metrics | Accuracy: 0.6087 | AUPRC: 0.7028 | Auroc: 0.6852 | F1: 0.4451 | Mcc: 0.2695 | Precision: 0.7655 | Recall: 0.3138 | Sensitivity: 0.3138 | Specificity: 0.9038 | Split: test
2026-04-26 01:27:43 INFO CSV Written | Path: logs/v3/evaluate/ws_n40_0.5/evaluate.csv
2026-04-26 01:27:43 INFO Stage Done | Run Id: ws_n40_0.5
2026-04-26 01:27:43 INFO Stage Start | Checkpoint: models/v3/topology_finetune/ws_n40/best_model.pth | Run Id: ws_n40_0.5
2026-04-26 01:27:43 INFO Decision Threshold | Mode: fixed | Value: 0.5000
2026-04-26 01:28:43 INFO Topology Inference Ready | Cached Embedding Count: 2017 | Distributed: True | Pair Count: 2035153 | World Size: 4
2026-04-26 03:53:40 INFO Pair Predictions Written | Path: logs/v3/topology_evaluate/ws_n40_0.5/all_test_ppi_pred.txt
2026-04-26 03:54:52 INFO Topology Metrics Written | Path: logs/v3/topology_evaluate/ws_n40_0.5/topology_metrics.json
2026-04-26 03:54:52 INFO Comparison Report Skipped | Reason: missing_baselines:src/topology/baselines/pring_human_table2.json
2026-04-26 03:54:52 INFO Stage Done | Run Id: ws_n40_0.5
[rank0]:[W426 03:54:54.587722129 ProcessGroupNCCL.cpp:1553] Warning: WARNING: destroy_process_group() was not called before program exit, which can leak resources. For more info, please see https://pytorch.org/docs/stable/distributed.html#shutdown (function operator())
