Warning: torch was built against CUDA 12.8, but using toolkit 12.5 at /public/software/CUDA/cuda-12.5.
Set GRAND_CUDA_VERSION or CUDA_HOME to an exact-match toolkit to avoid DS_SKIP_CUDA_CHECK=1.

*****************************************
Setting OMP_NUM_THREADS environment variable for each process to be 1 in default, to avoid your system being overloaded, please further tune the variable for optimal performance in your application as needed. 
*****************************************
INFO:src.pipeline.__main__:Loaded config: configs/v3.yaml
WARNING:accelerate.utils.other:[RANK 0] Detected kernel version 3.10.0, which is below the recommended minimum of 5.5.0; this can cause the process to hang. It is recommended to upgrade the kernel to the minimum version or higher.
WARNING:py.warnings:/public/home/wangar2023/grand/.venv/lib/python3.11/site-packages/torch/distributed/c10d_logger.py:83: UserWarning: barrier(): using the device under current context. You can specify `device_id` in `init_process_group` to mute this warning.
  return func(*args, **kwargs)

2026-04-26 13:06:23 INFO Pipeline Runtime | Device: cuda:0 | Distributed: True | Test Batches: 1691 | Train Batches: 762 | Valid Batches: 762 | World Size: 4
2026-04-26 13:06:23 INFO Stage Start | Checkpoint: models/v3/train/20260308_002906/best_model.pth | Run Id: 20260426_130529
WARNING:py.warnings:/public/home/wangar2023/grand/.venv/lib/python3.11/site-packages/deepspeed/runtime/zero/linear.py:47: FutureWarning: `torch.cuda.amp.custom_fwd(args...)` is deprecated. Please use `torch.amp.custom_fwd(args..., device_type='cuda')` instead.
  @autocast_custom_fwd

WARNING:py.warnings:/public/home/wangar2023/grand/.venv/lib/python3.11/site-packages/deepspeed/runtime/zero/linear.py:66: FutureWarning: `torch.cuda.amp.custom_bwd(args...)` is deprecated. Please use `torch.amp.custom_bwd(args..., device_type='cuda')` instead.
  @autocast_custom_bwd

2026-04-26 13:07:00 INFO Checkpoint Loaded | Path: models/v3/train/20260308_002906/best_model.pth
2026-04-26 13:07:00 INFO Decision Threshold | Mode: fixed | Value: 0.5000
2026-04-26 13:49:41 INFO Evaluation Metrics | Accuracy: 0.6013 | AUPRC: 0.6905 | Auroc: 0.6761 | F1: 0.4457 | Mcc: 0.2449 | Precision: 0.7312 | Recall: 0.3206 | Sensitivity: 0.3206 | Specificity: 0.8821 | Split: test
2026-04-26 13:49:41 INFO CSV Written | Path: logs/v3/evaluate/20260426_130529/evaluate.csv
2026-04-26 13:49:41 INFO Stage Done | Run Id: 20260426_130529
2026-04-26 13:49:41 INFO Stage Start | Checkpoint: models/v3/train/20260308_002906/best_model.pth | Run Id: 20260426_130529
2026-04-26 13:49:41 INFO Decision Threshold | Mode: fixed | Value: 0.5000
2026-04-26 13:50:26 INFO Topology Inference Ready | Cached Embedding Count: 2017 | Distributed: True | Pair Count: 2035153 | World Size: 4
2026-04-27 01:12:04 INFO Pair Predictions Written | Path: logs/v3/topology_evaluate/20260426_130529/all_test_ppi_pred.txt
2026-04-27 01:13:39 INFO Topology Metrics Written | Path: logs/v3/topology_evaluate/20260426_130529/topology_metrics.json
2026-04-27 01:13:39 INFO Comparison Report Skipped | Reason: missing_baselines:src/topology/baselines/pring_human_table2.json
2026-04-27 01:13:39 INFO Stage Done | Run Id: 20260426_130529
[rank0]:[W427 01:13:41.241757918 ProcessGroupNCCL.cpp:1553] Warning: WARNING: destroy_process_group() was not called before program exit, which can leak resources. For more info, please see https://pytorch.org/docs/stable/distributed.html#shutdown (function operator())
