W0315 23:03:49.934000 100332 site-packages/torch/distributed/run.py:792] 
W0315 23:03:49.934000 100332 site-packages/torch/distributed/run.py:792] *****************************************
W0315 23:03:49.934000 100332 site-packages/torch/distributed/run.py:792] Setting OMP_NUM_THREADS environment variable for each process to be 1 in default, to avoid your system being overloaded, please further tune the variable for optimal performance in your application as needed. 
W0315 23:03:49.934000 100332 site-packages/torch/distributed/run.py:792] *****************************************
INFO:src.run:Loaded config: configs/v3.yaml
INFO:src.utils.distributed:Initialized distributed process group (backend=nccl rank=0 local_rank=0 world_size=4).
2026-03-15 23:03:53 INFO Startup | Rank: 0 | Run Id: 20260308_002906 | Seed: 47 | Stages: ['evaluate'] | World Size: 4
2026-03-15 23:03:53 INFO Device | Resolved Device: cuda:0
[rank3]:[W315 23:03:54.497039623 ProcessGroupNCCL.cpp:4561] [PG ID 0 PG GUID 0 Rank 3]  using GPU 3 to perform barrier as devices used by this process are currently unknown. This can potentially cause a hang if this rank to GPU mapping is incorrect. Specify device_ids in barrier() to force use of a particular device, or call init_process_group() with a device_id.
[rank1]:[W315 23:03:54.497679401 ProcessGroupNCCL.cpp:4561] [PG ID 0 PG GUID 0 Rank 1]  using GPU 1 to perform barrier as devices used by this process are currently unknown. This can potentially cause a hang if this rank to GPU mapping is incorrect. Specify device_ids in barrier() to force use of a particular device, or call init_process_group() with a device_id.
[rank2]:[W315 23:03:54.498309165 ProcessGroupNCCL.cpp:4561] [PG ID 0 PG GUID 0 Rank 2]  using GPU 2 to perform barrier as devices used by this process are currently unknown. This can potentially cause a hang if this rank to GPU mapping is incorrect. Specify device_ids in barrier() to force use of a particular device, or call init_process_group() with a device_id.
[rank0]:[W315 23:03:54.531152980 ProcessGroupNCCL.cpp:4561] [PG ID 0 PG GUID 0 Rank 0]  using GPU 0 to perform barrier as devices used by this process are currently unknown. This can potentially cause a hang if this rank to GPU mapping is incorrect. Specify device_ids in barrier() to force use of a particular device, or call init_process_group() with a device_id.
2026-03-15 23:04:33 INFO Data Ready | Test: 54126 | Train: 97555 | Valid: 24389
2026-03-15 23:04:33 INFO Model Init | Model: v3 | Params: 26439937
2026-03-15 23:04:36 INFO DDP Ready | Wrapped: True
2026-03-15 23:04:36 INFO Begin Evaluation
2026-03-15 23:04:36 INFO Stage Start | Checkpoint: models/v3/train/20260308_002906/best_model.pth | Run Id: 20260308_002906
2026-03-15 23:04:36 INFO Checkpoint Loaded | Path: models/v3/train/20260308_002906/best_model.pth
2026-03-15 23:13:21 INFO Evaluation Metrics | Accuracy: 0.6012 | AUPRC: 0.6908 | Auroc: 0.6761 | F1: 0.4457 | Mcc: 0.2449 | Precision: 0.7311 | Recall: 0.3205 | Sensitivity: 0.3205 | Specificity: 0.8821 | Split: test
2026-03-15 23:13:21 INFO CSV Written | Path: logs/v3/evaluate/20260308_002906/evaluate.csv
2026-03-15 23:13:21 INFO Stage Done | Run Id: 20260308_002906
2026-03-15 23:13:25 INFO End Evaluation
