warning: `VIRTUAL_ENV=/public/home/wangar2023/relic/.venv` does not match the project environment path `.venv` and will be ignored; use `--active` to target the active environment instead
warning: `VIRTUAL_ENV=/public/home/wangar2023/relic/.venv` does not match the project environment path `.venv` and will be ignored; use `--active` to target the active environment instead

*****************************************
Setting OMP_NUM_THREADS environment variable for each process to be 1 in default, to avoid your system being overloaded, please further tune the variable for optimal performance in your application as needed. 
*****************************************
INFO:src.utils.distributed:Initialized distributed process group (backend=nccl rank=0 local_rank=0 world_size=4).
2026-04-09 14:29:03 INFO Startup | Rank: 0 | Run Id: 20260409_142903 | Seed: 47 | Stages: ['topology_evaluate'] | World Size: 4
2026-04-09 14:29:03 INFO Device | Resolved Device: cuda:0
INFO:src.utils.distributed:Initialized distributed process group (backend=nccl rank=1 local_rank=1 world_size=4).
[rank1]:[W409 14:29:03.044442303 ProcessGroupNCCL.cpp:4561] [PG ID 0 PG GUID 0 Rank 1]  using GPU 1 to perform barrier as devices used by this process are currently unknown. This can potentially cause a hang if this rank to GPU mapping is incorrect. Specify device_ids in barrier() to force use of a particular device, or call init_process_group() with a device_id.
[rank0]:[W409 14:29:03.082837879 ProcessGroupNCCL.cpp:4561] [PG ID 0 PG GUID 0 Rank 0]  using GPU 0 to perform barrier as devices used by this process are currently unknown. This can potentially cause a hang if this rank to GPU mapping is incorrect. Specify device_ids in barrier() to force use of a particular device, or call init_process_group() with a device_id.
INFO:src.utils.distributed:Initialized distributed process group (backend=nccl rank=2 local_rank=2 world_size=4).
INFO:src.utils.distributed:Initialized distributed process group (backend=nccl rank=3 local_rank=3 world_size=4).
[rank2]:[W409 14:29:03.093822349 ProcessGroupNCCL.cpp:4561] [PG ID 0 PG GUID 0 Rank 2]  using GPU 2 to perform barrier as devices used by this process are currently unknown. This can potentially cause a hang if this rank to GPU mapping is incorrect. Specify device_ids in barrier() to force use of a particular device, or call init_process_group() with a device_id.
[rank3]:[W409 14:29:03.094511610 ProcessGroupNCCL.cpp:4561] [PG ID 0 PG GUID 0 Rank 3]  using GPU 3 to perform barrier as devices used by this process are currently unknown. This can potentially cause a hang if this rank to GPU mapping is incorrect. Specify device_ids in barrier() to force use of a particular device, or call init_process_group() with a device_id.
2026-04-09 14:29:47 INFO Data Ready | Test: 54126 | Train: 97555 | Valid: 24389
2026-04-09 14:29:48 INFO Model Init | Model: v3 | Params: 26439937
2026-04-09 14:29:50 INFO DDP Ready | Wrapped: True
2026-04-09 14:29:50 INFO Begin Topology Evaluation
2026-04-09 14:29:50 INFO Stage Start | Checkpoint: models/v3/topology_finetune/20260407_170036/best_model.pth | Run Id: 20260409_142903
2026-04-09 14:32:47 INFO Decision Threshold | Mode: best_f1_on_valid | Value: 0.0944
2026-04-09 19:08:23 INFO Pair Predictions Written | Path: logs/v3/topology_evaluate/20260409_142903/all_test_ppi_pred.txt
2026-04-09 19:39:26 INFO Topology Metrics Written | Path: logs/v3/topology_evaluate/20260409_142903/topology_metrics.json
2026-04-09 19:39:26 INFO Comparison Report Skipped | Reason: missing_baselines:src/topology/baselines/pring_human_table2.json
2026-04-09 19:39:26 INFO Stage Done | Run Id: 20260409_142903
2026-04-09 19:39:26 INFO End Topology Evaluation
