
*****************************************
Setting OMP_NUM_THREADS environment variable for each process to be 1 in default, to avoid your system being overloaded, please further tune the variable for optimal performance in your application as needed. 
*****************************************
INFO:src.run:Loaded config: configs/v3.1.yaml
INFO:src.utils.distributed:Initialized distributed process group (backend=nccl rank=0 local_rank=0 world_size=4).
2026-04-15 01:02:41 INFO Startup | Rank: 0 | Run Id: 20260415_010241 | Seed: 47 | Stages: ['evaluate', 'topology_evaluate'] | World Size: 4
2026-04-15 01:02:41 INFO Startup | Rank: 0 | Run Id: 20260415_010241 | Seed: 47 | Stages: ['evaluate', 'topology_evaluate'] | World Size: 4
2026-04-15 01:02:41 INFO Device | Resolved Device: cuda:0
2026-04-15 01:02:41 INFO Device | Resolved Device: cuda:0
2026-04-15 01:03:20 INFO Data Ready | Test: 54126 | Train: 97555 | Valid: 24389
2026-04-15 01:03:20 INFO Data Ready | Test: 54126 | Train: 97555 | Valid: 24389
2026-04-15 01:03:20 INFO Model Init | Model: v3.1 | Params: 29880075
2026-04-15 01:03:22 INFO DDP Ready | Wrapped: True
2026-04-15 01:03:22 INFO DDP Ready | Wrapped: True
2026-04-15 01:03:22 INFO Begin Evaluation
2026-04-15 01:03:22 INFO Stage Start | Checkpoint: models/v3.1/train/20260414_202131/best_model.pth | Run Id: 20260415_010241
2026-04-15 01:03:22 INFO Checkpoint Loaded | Path: models/v3.1/train/20260414_202131/best_model.pth
2026-04-15 01:05:38 INFO Decision Threshold | Mode: best_f1_on_valid | Value: 0.1274
2026-04-15 01:10:21 INFO Evaluation Metrics | Accuracy: 0.6165 | AUPRC: 0.6800 | Auroc: 0.6634 | F1: 0.6065 | Mcc: 0.2332 | Precision: 0.6228 | Recall: 0.5911 | Sensitivity: 0.5911 | Specificity: 0.6418 | Split: test
2026-04-15 01:10:21 INFO CSV Written | Path: logs/v3.1/evaluate/20260415_010241/evaluate.csv
2026-04-15 01:10:21 INFO Stage Done | Run Id: 20260415_010241
2026-04-15 01:10:21 INFO End Evaluation
2026-04-15 01:10:21 INFO Begin Topology Evaluation
2026-04-15 01:10:21 INFO Stage Start | Checkpoint: models/v3.1/train/20260414_202131/best_model.pth | Run Id: 20260415_010241
2026-04-15 01:12:35 INFO Decision Threshold | Mode: best_f1_on_valid | Value: 0.1274
2026-04-15 01:13:15 INFO Topology Inference Ready | Cached Embedding Count: 2017 | Distributed: True | Local Pair Count: 508789 | Pair Count: 2035153 | World Size: 4
2026-04-15 02:26:10 INFO Pair Predictions Written | Path: logs/v3.1/topology_evaluate/20260415_010241/all_test_ppi_pred.txt
2026-04-15 02:52:40 INFO Topology Metrics Written | Path: logs/v3.1/topology_evaluate/20260415_010241/topology_metrics.json
2026-04-15 02:52:40 INFO Comparison Report Skipped | Reason: missing_baselines:src/topology/baselines/pring_human_table2.json
2026-04-15 02:52:40 INFO Stage Done | Run Id: 20260415_010241
2026-04-15 02:52:40 INFO End Topology Evaluation
