2026-04-14 20:21:32 INFO Startup | Rank: 0 | Run Id: 20260414_202131 | Seed: 47 | Stages: ['train', 'evaluate', 'topology_evaluate'] | World Size: 4
2026-04-14 20:21:32 INFO Device | Resolved Device: cuda:0
2026-04-14 20:22:11 INFO Data Ready | Test: 54126 | Train: 97555 | Valid: 24389
2026-04-14 20:22:11 INFO Model Init | Model: v3.1 | Params: 29880075
2026-04-14 20:22:13 INFO DDP Ready | Wrapped: True
2026-04-14 20:22:13 INFO Begin Training
2026-04-14 20:22:13 INFO Stage Start | Run Id: 20260414_202131
2026-04-14 20:22:13 INFO Train Config | Epochs: 50 | Monitor: auprc | Patience: 10
2026-04-14 20:22:13 INFO Epoch Start | Epoch: 1
2026-04-14 20:22:17 INFO Epoch 1 | Step 1/812 | Loss 0.8688 | LR 4.0000e-06
2026-04-14 20:22:25 INFO Epoch 1 | Step 20/812 | Loss 0.7637 | LR 4.0058e-06
2026-04-14 20:22:34 INFO Epoch 1 | Step 40/812 | Loss 0.7716 | LR 4.0230e-06
2026-04-14 20:22:42 INFO Epoch 1 | Step 60/812 | Loss 0.7557 | LR 4.0517e-06
2026-04-14 20:22:50 INFO Epoch 1 | Step 80/812 | Loss 0.7467 | LR 4.0920e-06
2026-04-14 20:22:59 INFO Epoch 1 | Step 100/812 | Loss 0.7431 | LR 4.1437e-06
2026-04-14 20:23:07 INFO Epoch 1 | Step 120/812 | Loss 0.7397 | LR 4.2069e-06
2026-04-14 20:23:16 INFO Epoch 1 | Step 140/812 | Loss 0.7359 | LR 4.2815e-06
2026-04-14 20:23:24 INFO Epoch 1 | Step 160/812 | Loss 0.7339 | LR 4.3676e-06
2026-04-14 20:23:32 INFO Epoch 1 | Step 180/812 | Loss 0.7331 | LR 4.4651e-06
2026-04-14 20:23:41 INFO Epoch 1 | Step 200/812 | Loss 0.7307 | LR 4.5739e-06
2026-04-14 20:23:49 INFO Epoch 1 | Step 220/812 | Loss 0.7287 | LR 4.6942e-06
2026-04-14 20:23:58 INFO Epoch 1 | Step 240/812 | Loss 0.7274 | LR 4.8257e-06
2026-04-14 20:24:06 INFO Epoch 1 | Step 260/812 | Loss 0.7270 | LR 4.9686e-06
2026-04-14 20:24:15 INFO Epoch 1 | Step 280/812 | Loss 0.7251 | LR 5.1228e-06
2026-04-14 20:24:23 INFO Epoch 1 | Step 300/812 | Loss 0.7240 | LR 5.2881e-06
2026-04-14 20:24:32 INFO Epoch 1 | Step 320/812 | Loss 0.7227 | LR 5.4647e-06
2026-04-14 20:24:40 INFO Epoch 1 | Step 340/812 | Loss 0.7226 | LR 5.6524e-06
2026-04-14 20:24:49 INFO Epoch 1 | Step 360/812 | Loss 0.7221 | LR 5.8513e-06
2026-04-14 20:24:57 INFO Epoch 1 | Step 380/812 | Loss 0.7222 | LR 6.0611e-06
2026-04-14 20:25:05 INFO Epoch 1 | Step 400/812 | Loss 0.7213 | LR 6.2820e-06
2026-04-14 20:25:14 INFO Epoch 1 | Step 420/812 | Loss 0.7208 | LR 6.5139e-06
2026-04-14 20:25:22 INFO Epoch 1 | Step 440/812 | Loss 0.7197 | LR 6.7566e-06
2026-04-14 20:25:31 INFO Epoch 1 | Step 460/812 | Loss 0.7193 | LR 7.0102e-06
2026-04-14 20:25:39 INFO Epoch 1 | Step 480/812 | Loss 0.7186 | LR 7.2746e-06
2026-04-14 20:25:48 INFO Epoch 1 | Step 500/812 | Loss 0.7185 | LR 7.5497e-06
2026-04-14 20:25:56 INFO Epoch 1 | Step 520/812 | Loss 0.7180 | LR 7.8354e-06
2026-04-14 20:26:04 INFO Epoch 1 | Step 540/812 | Loss 0.7176 | LR 8.1317e-06
2026-04-14 20:26:13 INFO Epoch 1 | Step 560/812 | Loss 0.7176 | LR 8.4385e-06
2026-04-14 20:26:21 INFO Epoch 1 | Step 580/812 | Loss 0.7170 | LR 8.7558e-06
2026-04-14 20:26:30 INFO Epoch 1 | Step 600/812 | Loss 0.7167 | LR 9.0834e-06
2026-04-14 20:26:38 INFO Epoch 1 | Step 620/812 | Loss 0.7165 | LR 9.4213e-06
2026-04-14 20:26:47 INFO Epoch 1 | Step 640/812 | Loss 0.7159 | LR 9.7694e-06
2026-04-14 20:26:55 INFO Epoch 1 | Step 660/812 | Loss 0.7160 | LR 1.0128e-05
2026-04-14 20:27:04 INFO Epoch 1 | Step 680/812 | Loss 0.7155 | LR 1.0496e-05
2026-04-14 20:27:12 INFO Epoch 1 | Step 700/812 | Loss 0.7150 | LR 1.0874e-05
2026-04-14 20:27:20 INFO Epoch 1 | Step 720/812 | Loss 0.7144 | LR 1.1262e-05
2026-04-14 20:27:29 INFO Epoch 1 | Step 740/812 | Loss 0.7137 | LR 1.1660e-05
2026-04-14 20:27:38 INFO Epoch 1 | Step 760/812 | Loss 0.7129 | LR 1.2068e-05
2026-04-14 20:27:46 INFO Epoch 1 | Step 780/812 | Loss 0.7119 | LR 1.2485e-05
2026-04-14 20:27:54 INFO Epoch 1 | Step 800/812 | Loss 0.7109 | LR 1.2911e-05
2026-04-14 20:28:00 INFO Epoch 1 | Step 812/812 | Loss 0.7101 | LR 1.3172e-05
2026-04-14 20:30:56 INFO CSV Written | Epoch: 1
2026-04-14 20:30:56 INFO Best Saved | Epoch: 1 | Monitor: val_auprc | Value: 0.6865
2026-04-14 20:30:56 INFO Epoch Done | Epoch: 1 | Time: 522.6847 | Train Loss: 0.7101 | Val Accuracy: 0.6428 | Val AUPRC: 0.6865 | Val Auroc: 0.6967 | Val F1: 0.6322 | Val Loss: 0.6388
2026-04-14 20:30:56 INFO Epoch Start | Epoch: 2
2026-04-14 20:30:58 INFO Epoch 2 | Step 1/812 | Loss 0.6703 | LR 1.3193e-05
2026-04-14 20:31:06 INFO Epoch 2 | Step 20/812 | Loss 0.6472 | LR 1.3613e-05
2026-04-14 20:31:14 INFO Epoch 2 | Step 40/812 | Loss 0.6520 | LR 1.4064e-05
2026-04-14 20:31:23 INFO Epoch 2 | Step 60/812 | Loss 0.6493 | LR 1.4523e-05
2026-04-14 20:31:31 INFO Epoch 2 | Step 80/812 | Loss 0.6516 | LR 1.4992e-05
2026-04-14 20:31:40 INFO Epoch 2 | Step 100/812 | Loss 0.6486 | LR 1.5470e-05
2026-04-14 20:31:48 INFO Epoch 2 | Step 120/812 | Loss 0.6422 | LR 1.5956e-05
2026-04-14 20:31:57 INFO Epoch 2 | Step 140/812 | Loss 0.6363 | LR 1.6451e-05
2026-04-14 20:32:05 INFO Epoch 2 | Step 160/812 | Loss 0.6317 | LR 1.6955e-05
2026-04-14 20:32:13 INFO Epoch 2 | Step 180/812 | Loss 0.6274 | LR 1.7467e-05
2026-04-14 20:32:22 INFO Epoch 2 | Step 200/812 | Loss 0.6245 | LR 1.7987e-05
2026-04-14 20:32:30 INFO Epoch 2 | Step 220/812 | Loss 0.6227 | LR 1.8515e-05
2026-04-14 20:32:39 INFO Epoch 2 | Step 240/812 | Loss 0.6209 | LR 1.9051e-05
2026-04-14 20:32:47 INFO Epoch 2 | Step 260/812 | Loss 0.6190 | LR 1.9596e-05
2026-04-14 20:32:56 INFO Epoch 2 | Step 280/812 | Loss 0.6163 | LR 2.0148e-05
2026-04-14 20:33:04 INFO Epoch 2 | Step 300/812 | Loss 0.6130 | LR 2.0707e-05
2026-04-14 20:33:13 INFO Epoch 2 | Step 320/812 | Loss 0.6089 | LR 2.1274e-05
2026-04-14 20:33:21 INFO Epoch 2 | Step 340/812 | Loss 0.6052 | LR 2.1849e-05
2026-04-14 20:33:29 INFO Epoch 2 | Step 360/812 | Loss 0.6034 | LR 2.2431e-05
2026-04-14 20:33:38 INFO Epoch 2 | Step 380/812 | Loss 0.6009 | LR 2.3020e-05
2026-04-14 20:33:46 INFO Epoch 2 | Step 400/812 | Loss 0.6003 | LR 2.3615e-05
2026-04-14 20:33:54 INFO Epoch 2 | Step 420/812 | Loss 0.5981 | LR 2.4218e-05
2026-04-14 20:34:03 INFO Epoch 2 | Step 440/812 | Loss 0.5941 | LR 2.4827e-05
2026-04-14 20:34:12 INFO Epoch 2 | Step 460/812 | Loss 0.5919 | LR 2.5443e-05
2026-04-14 20:34:20 INFO Epoch 2 | Step 480/812 | Loss 0.5876 | LR 2.6065e-05
2026-04-14 20:34:29 INFO Epoch 2 | Step 500/812 | Loss 0.5844 | LR 2.6693e-05
2026-04-14 20:34:37 INFO Epoch 2 | Step 520/812 | Loss 0.5823 | LR 2.7328e-05
2026-04-14 20:34:45 INFO Epoch 2 | Step 540/812 | Loss 0.5809 | LR 2.7968e-05
2026-04-14 20:34:54 INFO Epoch 2 | Step 560/812 | Loss 0.5784 | LR 2.8614e-05
2026-04-14 20:35:02 INFO Epoch 2 | Step 580/812 | Loss 0.5761 | LR 2.9266e-05
2026-04-14 20:35:11 INFO Epoch 2 | Step 600/812 | Loss 0.5739 | LR 2.9923e-05
2026-04-14 20:35:19 INFO Epoch 2 | Step 620/812 | Loss 0.5717 | LR 3.0585e-05
2026-04-14 20:35:28 INFO Epoch 2 | Step 640/812 | Loss 0.5701 | LR 3.1253e-05
2026-04-14 20:35:36 INFO Epoch 2 | Step 660/812 | Loss 0.5680 | LR 3.1925e-05
2026-04-14 20:35:45 INFO Epoch 2 | Step 680/812 | Loss 0.5673 | LR 3.2602e-05
2026-04-14 20:35:53 INFO Epoch 2 | Step 700/812 | Loss 0.5657 | LR 3.3284e-05
2026-04-14 20:36:02 INFO Epoch 2 | Step 720/812 | Loss 0.5631 | LR 3.3971e-05
2026-04-14 20:36:10 INFO Epoch 2 | Step 740/812 | Loss 0.5617 | LR 3.4661e-05
2026-04-14 20:36:19 INFO Epoch 2 | Step 760/812 | Loss 0.5599 | LR 3.5356e-05
2026-04-14 20:36:27 INFO Epoch 2 | Step 780/812 | Loss 0.5592 | LR 3.6055e-05
2026-04-14 20:36:35 INFO Epoch 2 | Step 800/812 | Loss 0.5586 | LR 3.6758e-05
2026-04-14 20:36:40 INFO Epoch 2 | Step 812/812 | Loss 0.5582 | LR 3.7181e-05
2026-04-14 20:39:36 INFO CSV Written | Epoch: 2
2026-04-14 20:39:36 INFO Best Saved | Epoch: 2 | Monitor: val_auprc | Value: 0.8588
2026-04-14 20:39:36 INFO Epoch Done | Epoch: 2 | Time: 519.6491 | Train Loss: 0.5582 | Val Accuracy: 0.7798 | Val AUPRC: 0.8588 | Val Auroc: 0.8612 | Val F1: 0.7884 | Val Loss: 0.4965
2026-04-14 20:39:36 INFO Epoch Start | Epoch: 3
2026-04-14 20:39:38 INFO Epoch 3 | Step 1/812 | Loss 0.3842 | LR 3.7217e-05
2026-04-14 20:39:46 INFO Epoch 3 | Step 20/812 | Loss 0.4861 | LR 3.7890e-05
2026-04-14 20:39:55 INFO Epoch 3 | Step 40/812 | Loss 0.4793 | LR 3.8602e-05
2026-04-14 20:40:03 INFO Epoch 3 | Step 60/812 | Loss 0.4936 | LR 3.9317e-05
2026-04-14 20:40:12 INFO Epoch 3 | Step 80/812 | Loss 0.4870 | LR 4.0035e-05
2026-04-14 20:40:20 INFO Epoch 3 | Step 100/812 | Loss 0.4961 | LR 4.0756e-05
2026-04-14 20:40:29 INFO Epoch 3 | Step 120/812 | Loss 0.4922 | LR 4.1479e-05
2026-04-14 20:40:37 INFO Epoch 3 | Step 140/812 | Loss 0.4936 | LR 4.2206e-05
2026-04-14 20:40:46 INFO Epoch 3 | Step 160/812 | Loss 0.4924 | LR 4.2934e-05
2026-04-14 20:40:54 INFO Epoch 3 | Step 180/812 | Loss 0.4921 | LR 4.3665e-05
2026-04-14 20:41:03 INFO Epoch 3 | Step 200/812 | Loss 0.4937 | LR 4.4398e-05
2026-04-14 20:41:11 INFO Epoch 3 | Step 220/812 | Loss 0.4931 | LR 4.5132e-05
2026-04-14 20:41:19 INFO Epoch 3 | Step 240/812 | Loss 0.4939 | LR 4.5868e-05
2026-04-14 20:41:28 INFO Epoch 3 | Step 260/812 | Loss 0.4925 | LR 4.6606e-05
2026-04-14 20:41:36 INFO Epoch 3 | Step 280/812 | Loss 0.4903 | LR 4.7345e-05
2026-04-14 20:41:45 INFO Epoch 3 | Step 300/812 | Loss 0.4879 | LR 4.8085e-05
2026-04-14 20:41:53 INFO Epoch 3 | Step 320/812 | Loss 0.4863 | LR 4.8826e-05
2026-04-14 20:42:01 INFO Epoch 3 | Step 340/812 | Loss 0.4875 | LR 4.9568e-05
2026-04-14 20:42:10 INFO Epoch 3 | Step 360/812 | Loss 0.4873 | LR 5.0310e-05
2026-04-14 20:42:18 INFO Epoch 3 | Step 380/812 | Loss 0.4870 | LR 5.1053e-05
2026-04-14 20:42:27 INFO Epoch 3 | Step 400/812 | Loss 0.4871 | LR 5.1796e-05
2026-04-14 20:42:35 INFO Epoch 3 | Step 420/812 | Loss 0.4867 | LR 5.2539e-05
2026-04-14 20:42:44 INFO Epoch 3 | Step 440/812 | Loss 0.4859 | LR 5.3282e-05
2026-04-14 20:42:52 INFO Epoch 3 | Step 460/812 | Loss 0.4844 | LR 5.4024e-05
2026-04-14 20:43:01 INFO Epoch 3 | Step 480/812 | Loss 0.4833 | LR 5.4766e-05
2026-04-14 20:43:09 INFO Epoch 3 | Step 500/812 | Loss 0.4823 | LR 5.5508e-05
2026-04-14 20:43:17 INFO Epoch 3 | Step 520/812 | Loss 0.4827 | LR 5.6248e-05
2026-04-14 20:43:26 INFO Epoch 3 | Step 540/812 | Loss 0.4799 | LR 5.6988e-05
2026-04-14 20:43:34 INFO Epoch 3 | Step 560/812 | Loss 0.4799 | LR 5.7726e-05
2026-04-14 20:43:43 INFO Epoch 3 | Step 580/812 | Loss 0.4797 | LR 5.8463e-05
2026-04-14 20:43:51 INFO Epoch 3 | Step 600/812 | Loss 0.4791 | LR 5.9199e-05
2026-04-14 20:44:00 INFO Epoch 3 | Step 620/812 | Loss 0.4784 | LR 5.9932e-05
2026-04-14 20:44:08 INFO Epoch 3 | Step 640/812 | Loss 0.4775 | LR 6.0664e-05
2026-04-14 20:44:16 INFO Epoch 3 | Step 660/812 | Loss 0.4769 | LR 6.1394e-05
2026-04-14 20:44:25 INFO Epoch 3 | Step 680/812 | Loss 0.4776 | LR 6.2121e-05
2026-04-14 20:44:33 INFO Epoch 3 | Step 700/812 | Loss 0.4769 | LR 6.2847e-05
2026-04-14 20:44:42 INFO Epoch 3 | Step 720/812 | Loss 0.4758 | LR 6.3569e-05
2026-04-14 20:44:50 INFO Epoch 3 | Step 740/812 | Loss 0.4753 | LR 6.4289e-05
2026-04-14 20:44:59 INFO Epoch 3 | Step 760/812 | Loss 0.4751 | LR 6.5005e-05
2026-04-14 20:45:07 INFO Epoch 3 | Step 780/812 | Loss 0.4755 | LR 6.5719e-05
2026-04-14 20:45:15 INFO Epoch 3 | Step 800/812 | Loss 0.4744 | LR 6.6429e-05
2026-04-14 20:45:20 INFO Epoch 3 | Step 812/812 | Loss 0.4741 | LR 6.6854e-05
2026-04-14 20:48:15 INFO CSV Written | Epoch: 3
2026-04-14 20:48:16 INFO Best Saved | Epoch: 3 | Monitor: val_auprc | Value: 0.8924
2026-04-14 20:48:16 INFO Epoch Done | Epoch: 3 | Time: 519.6095 | Train Loss: 0.4741 | Val Accuracy: 0.8084 | Val AUPRC: 0.8924 | Val Auroc: 0.8921 | Val F1: 0.8045 | Val Loss: 0.4561
2026-04-14 20:48:16 INFO Epoch Start | Epoch: 4
2026-04-14 20:48:18 INFO Epoch 4 | Step 1/812 | Loss 0.4159 | LR 6.6889e-05
2026-04-14 20:48:26 INFO Epoch 4 | Step 20/812 | Loss 0.4031 | LR 6.7559e-05
2026-04-14 20:48:35 INFO Epoch 4 | Step 40/812 | Loss 0.4322 | LR 6.8260e-05
2026-04-14 20:48:43 INFO Epoch 4 | Step 60/812 | Loss 0.4315 | LR 6.8957e-05
2026-04-14 20:48:52 INFO Epoch 4 | Step 80/812 | Loss 0.4448 | LR 6.9650e-05
2026-04-14 20:49:00 INFO Epoch 4 | Step 100/812 | Loss 0.4405 | LR 7.0339e-05
2026-04-14 20:49:09 INFO Epoch 4 | Step 120/812 | Loss 0.4359 | LR 7.1023e-05
2026-04-14 20:49:17 INFO Epoch 4 | Step 140/812 | Loss 0.4392 | LR 7.1703e-05
2026-04-14 20:49:25 INFO Epoch 4 | Step 160/812 | Loss 0.4389 | LR 7.2378e-05
2026-04-14 20:49:34 INFO Epoch 4 | Step 180/812 | Loss 0.4395 | LR 7.3048e-05
2026-04-14 20:49:42 INFO Epoch 4 | Step 200/812 | Loss 0.4368 | LR 7.3714e-05
2026-04-14 20:49:50 INFO Epoch 4 | Step 220/812 | Loss 0.4380 | LR 7.4374e-05
2026-04-14 20:49:59 INFO Epoch 4 | Step 240/812 | Loss 0.4375 | LR 7.5028e-05
2026-04-14 20:50:07 INFO Epoch 4 | Step 260/812 | Loss 0.4412 | LR 7.5678e-05
2026-04-14 20:50:16 INFO Epoch 4 | Step 280/812 | Loss 0.4396 | LR 7.6321e-05
2026-04-14 20:50:24 INFO Epoch 4 | Step 300/812 | Loss 0.4387 | LR 7.6959e-05
2026-04-14 20:50:33 INFO Epoch 4 | Step 320/812 | Loss 0.4377 | LR 7.7590e-05
2026-04-14 20:50:41 INFO Epoch 4 | Step 340/812 | Loss 0.4368 | LR 7.8216e-05
2026-04-14 20:50:50 INFO Epoch 4 | Step 360/812 | Loss 0.4376 | LR 7.8835e-05
2026-04-14 20:50:58 INFO Epoch 4 | Step 380/812 | Loss 0.4369 | LR 7.9448e-05
2026-04-14 20:51:06 INFO Epoch 4 | Step 400/812 | Loss 0.4364 | LR 8.0054e-05
2026-04-14 20:51:15 INFO Epoch 4 | Step 420/812 | Loss 0.4360 | LR 8.0654e-05
2026-04-14 20:51:23 INFO Epoch 4 | Step 440/812 | Loss 0.4367 | LR 8.1246e-05
2026-04-14 20:51:32 INFO Epoch 4 | Step 460/812 | Loss 0.4367 | LR 8.1832e-05
2026-04-14 20:51:40 INFO Epoch 4 | Step 480/812 | Loss 0.4370 | LR 8.2410e-05
2026-04-14 20:51:48 INFO Epoch 4 | Step 500/812 | Loss 0.4370 | LR 8.2982e-05
2026-04-14 20:51:57 INFO Epoch 4 | Step 520/812 | Loss 0.4371 | LR 8.3545e-05
2026-04-14 20:52:05 INFO Epoch 4 | Step 540/812 | Loss 0.4358 | LR 8.4102e-05
2026-04-14 20:52:14 INFO Epoch 4 | Step 560/812 | Loss 0.4366 | LR 8.4650e-05
2026-04-14 20:52:22 INFO Epoch 4 | Step 580/812 | Loss 0.4368 | LR 8.5191e-05
2026-04-14 20:52:31 INFO Epoch 4 | Step 600/812 | Loss 0.4361 | LR 8.5724e-05
2026-04-14 20:52:39 INFO Epoch 4 | Step 620/812 | Loss 0.4353 | LR 8.6248e-05
2026-04-14 20:52:47 INFO Epoch 4 | Step 640/812 | Loss 0.4357 | LR 8.6765e-05
2026-04-14 20:52:56 INFO Epoch 4 | Step 660/812 | Loss 0.4364 | LR 8.7273e-05
2026-04-14 20:53:04 INFO Epoch 4 | Step 680/812 | Loss 0.4354 | LR 8.7773e-05
2026-04-14 20:53:13 INFO Epoch 4 | Step 700/812 | Loss 0.4350 | LR 8.8264e-05
2026-04-14 20:53:21 INFO Epoch 4 | Step 720/812 | Loss 0.4346 | LR 8.8746e-05
2026-04-14 20:53:30 INFO Epoch 4 | Step 740/812 | Loss 0.4343 | LR 8.9220e-05
2026-04-14 20:53:38 INFO Epoch 4 | Step 760/812 | Loss 0.4342 | LR 8.9685e-05
2026-04-14 20:53:46 INFO Epoch 4 | Step 780/812 | Loss 0.4348 | LR 9.0140e-05
2026-04-14 20:53:55 INFO Epoch 4 | Step 800/812 | Loss 0.4351 | LR 9.0587e-05
2026-04-14 20:54:00 INFO Epoch 4 | Step 812/812 | Loss 0.4350 | LR 9.0850e-05
2026-04-14 20:56:54 INFO CSV Written | Epoch: 4
2026-04-14 20:56:54 INFO Best Saved | Epoch: 4 | Monitor: val_auprc | Value: 0.9086
2026-04-14 20:56:54 INFO Epoch Done | Epoch: 4 | Time: 518.4042 | Train Loss: 0.4350 | Val Accuracy: 0.8259 | Val AUPRC: 0.9086 | Val Auroc: 0.9085 | Val F1: 0.8250 | Val Loss: 0.4239
2026-04-14 20:56:54 INFO Epoch Start | Epoch: 5
2026-04-14 20:56:59 INFO Epoch 5 | Step 1/812 | Loss 0.3382 | LR 9.0872e-05
2026-04-14 20:57:07 INFO Epoch 5 | Step 20/812 | Loss 0.3891 | LR 9.1282e-05
2026-04-14 20:57:15 INFO Epoch 5 | Step 40/812 | Loss 0.4034 | LR 9.1704e-05
2026-04-14 20:57:23 INFO Epoch 5 | Step 60/812 | Loss 0.3997 | LR 9.2117e-05
2026-04-14 20:57:32 INFO Epoch 5 | Step 80/812 | Loss 0.4053 | LR 9.2520e-05
2026-04-14 20:57:40 INFO Epoch 5 | Step 100/812 | Loss 0.4049 | LR 9.2914e-05
2026-04-14 20:57:49 INFO Epoch 5 | Step 120/812 | Loss 0.4104 | LR 9.3297e-05
2026-04-14 20:57:57 INFO Epoch 5 | Step 140/812 | Loss 0.4115 | LR 9.3671e-05
2026-04-14 20:58:05 INFO Epoch 5 | Step 160/812 | Loss 0.4088 | LR 9.4035e-05
2026-04-14 20:58:14 INFO Epoch 5 | Step 180/812 | Loss 0.4047 | LR 9.4388e-05
2026-04-14 20:58:22 INFO Epoch 5 | Step 200/812 | Loss 0.4045 | LR 9.4732e-05
2026-04-14 20:58:31 INFO Epoch 5 | Step 220/812 | Loss 0.4026 | LR 9.5065e-05
2026-04-14 20:58:39 INFO Epoch 5 | Step 240/812 | Loss 0.4052 | LR 9.5388e-05
2026-04-14 20:58:47 INFO Epoch 5 | Step 260/812 | Loss 0.4050 | LR 9.5701e-05
2026-04-14 20:58:56 INFO Epoch 5 | Step 280/812 | Loss 0.4044 | LR 9.6003e-05
2026-04-14 20:59:04 INFO Epoch 5 | Step 300/812 | Loss 0.4018 | LR 9.6295e-05
2026-04-14 20:59:13 INFO Epoch 5 | Step 320/812 | Loss 0.4023 | LR 9.6575e-05
2026-04-14 20:59:21 INFO Epoch 5 | Step 340/812 | Loss 0.4011 | LR 9.6846e-05
2026-04-14 20:59:30 INFO Epoch 5 | Step 360/812 | Loss 0.4002 | LR 9.7105e-05
2026-04-14 20:59:38 INFO Epoch 5 | Step 380/812 | Loss 0.4006 | LR 9.7354e-05
2026-04-14 20:59:47 INFO Epoch 5 | Step 400/812 | Loss 0.4018 | LR 9.7592e-05
2026-04-14 20:59:55 INFO Epoch 5 | Step 420/812 | Loss 0.4016 | LR 9.7819e-05
2026-04-14 21:00:03 INFO Epoch 5 | Step 440/812 | Loss 0.4028 | LR 9.8035e-05
2026-04-14 21:00:12 INFO Epoch 5 | Step 460/812 | Loss 0.4032 | LR 9.8240e-05
2026-04-14 21:00:20 INFO Epoch 5 | Step 480/812 | Loss 0.4023 | LR 9.8433e-05
2026-04-14 21:00:29 INFO Epoch 5 | Step 500/812 | Loss 0.4017 | LR 9.8616e-05
2026-04-14 21:00:37 INFO Epoch 5 | Step 520/812 | Loss 0.4023 | LR 9.8788e-05
2026-04-14 21:00:46 INFO Epoch 5 | Step 540/812 | Loss 0.4013 | LR 9.8948e-05
2026-04-14 21:00:54 INFO Epoch 5 | Step 560/812 | Loss 0.4012 | LR 9.9097e-05
2026-04-14 21:01:03 INFO Epoch 5 | Step 580/812 | Loss 0.4010 | LR 9.9235e-05
2026-04-14 21:01:11 INFO Epoch 5 | Step 600/812 | Loss 0.4026 | LR 9.9361e-05
2026-04-14 21:01:20 INFO Epoch 5 | Step 620/812 | Loss 0.4022 | LR 9.9476e-05
2026-04-14 21:01:28 INFO Epoch 5 | Step 640/812 | Loss 0.4021 | LR 9.9580e-05
2026-04-14 21:01:37 INFO Epoch 5 | Step 660/812 | Loss 0.4020 | LR 9.9673e-05
2026-04-14 21:01:45 INFO Epoch 5 | Step 680/812 | Loss 0.4019 | LR 9.9753e-05
2026-04-14 21:01:54 INFO Epoch 5 | Step 700/812 | Loss 0.4017 | LR 9.9823e-05
2026-04-14 21:02:02 INFO Epoch 5 | Step 720/812 | Loss 0.4017 | LR 9.9881e-05
2026-04-14 21:02:10 INFO Epoch 5 | Step 740/812 | Loss 0.4010 | LR 9.9928e-05
2026-04-14 21:02:19 INFO Epoch 5 | Step 760/812 | Loss 0.4013 | LR 9.9963e-05
2026-04-14 21:02:27 INFO Epoch 5 | Step 780/812 | Loss 0.4004 | LR 9.9986e-05
2026-04-14 21:02:36 INFO Epoch 5 | Step 800/812 | Loss 0.4008 | LR 9.9998e-05
2026-04-14 21:02:41 INFO Epoch 5 | Step 812/812 | Loss 0.4010 | LR 1.0000e-04
2026-04-14 21:05:36 INFO CSV Written | Epoch: 5
2026-04-14 21:05:36 INFO Best Saved | Epoch: 5 | Monitor: val_auprc | Value: 0.9188
2026-04-14 21:05:36 INFO Epoch Done | Epoch: 5 | Time: 521.1844 | Train Loss: 0.4010 | Val Accuracy: 0.8399 | Val AUPRC: 0.9188 | Val Auroc: 0.9210 | Val F1: 0.8414 | Val Loss: 0.4102
2026-04-14 21:05:36 INFO Epoch Start | Epoch: 6
2026-04-14 21:05:48 INFO Epoch 6 | Step 1/108 | Loss 1.1771 | LR 1.0000e-04
2026-04-14 21:06:14 INFO Epoch 6 | Step 20/108 | Loss 0.6808 | LR 1.0000e-04
2026-04-14 21:06:39 INFO Epoch 6 | Step 40/108 | Loss 0.6459 | LR 1.0000e-04
2026-04-14 21:07:05 INFO Epoch 6 | Step 60/108 | Loss 0.6270 | LR 9.9999e-05
2026-04-14 21:07:30 INFO Epoch 6 | Step 80/108 | Loss 0.6193 | LR 9.9999e-05
2026-04-14 21:07:55 INFO Epoch 6 | Step 100/108 | Loss 0.6130 | LR 9.9998e-05
2026-04-14 21:08:06 INFO Epoch 6 | Step 108/108 | Loss 0.6093 | LR 9.9998e-05
2026-04-14 21:11:05 INFO CSV Written | Epoch: 6
2026-04-14 21:11:05 INFO Best Saved | Epoch: 6 | Monitor: val_auprc | Value: 0.9224
2026-04-14 21:11:05 INFO Epoch Done | Epoch: 6 | Time: 329.0338 | Train Loss: 0.6093 | Val Accuracy: 0.7403 | Val AUPRC: 0.9224 | Val Auroc: 0.9220 | Val F1: 0.6604 | Val Loss: 0.5376
2026-04-14 21:11:05 INFO Epoch Start | Epoch: 7
2026-04-14 21:11:13 INFO Epoch 7 | Step 1/108 | Loss 0.5370 | LR 9.9998e-05
2026-04-14 21:11:38 INFO Epoch 7 | Step 20/108 | Loss 0.5699 | LR 9.9997e-05
2026-04-14 21:12:03 INFO Epoch 7 | Step 40/108 | Loss 0.5759 | LR 9.9996e-05
2026-04-14 21:12:28 INFO Epoch 7 | Step 60/108 | Loss 0.5726 | LR 9.9995e-05
2026-04-14 21:12:54 INFO Epoch 7 | Step 80/108 | Loss 0.5740 | LR 9.9993e-05
2026-04-14 21:13:19 INFO Epoch 7 | Step 100/108 | Loss 0.5771 | LR 9.9992e-05
2026-04-14 21:13:29 INFO Epoch 7 | Step 108/108 | Loss 0.5786 | LR 9.9991e-05
2026-04-14 21:16:24 INFO CSV Written | Epoch: 7
2026-04-14 21:16:24 INFO Best Saved | Epoch: 7 | Monitor: val_auprc | Value: 0.9250
2026-04-14 21:16:24 INFO Epoch Done | Epoch: 7 | Time: 318.7438 | Train Loss: 0.5786 | Val Accuracy: 0.7600 | Val AUPRC: 0.9250 | Val Auroc: 0.9242 | Val F1: 0.6957 | Val Loss: 0.5164
2026-04-14 21:16:24 INFO Epoch Start | Epoch: 8
2026-04-14 21:16:38 INFO Epoch 8 | Step 1/108 | Loss 0.6203 | LR 9.9991e-05
2026-04-14 21:17:02 INFO Epoch 8 | Step 20/108 | Loss 0.5414 | LR 9.9990e-05
2026-04-14 21:17:27 INFO Epoch 8 | Step 40/108 | Loss 0.5768 | LR 9.9988e-05
2026-04-14 21:17:53 INFO Epoch 8 | Step 60/108 | Loss 0.5625 | LR 9.9986e-05
2026-04-14 21:18:18 INFO Epoch 8 | Step 80/108 | Loss 0.5643 | LR 9.9984e-05
2026-04-14 21:18:43 INFO Epoch 8 | Step 100/108 | Loss 0.5689 | LR 9.9981e-05
2026-04-14 21:18:53 INFO Epoch 8 | Step 108/108 | Loss 0.5715 | LR 9.9980e-05
2026-04-14 21:21:50 INFO CSV Written | Epoch: 8
2026-04-14 21:21:50 INFO Epoch Done | Epoch: 8 | Time: 325.6021 | Train Loss: 0.5715 | Val Accuracy: 0.7464 | Val AUPRC: 0.9229 | Val Auroc: 0.9223 | Val F1: 0.6711 | Val Loss: 0.5374
2026-04-14 21:21:50 INFO Epoch Start | Epoch: 9
2026-04-14 21:21:58 INFO Epoch 9 | Step 1/108 | Loss 0.5081 | LR 9.9980e-05
2026-04-14 21:22:22 INFO Epoch 9 | Step 20/108 | Loss 0.5656 | LR 9.9978e-05
2026-04-14 21:22:47 INFO Epoch 9 | Step 40/108 | Loss 0.5814 | LR 9.9975e-05
2026-04-14 21:23:12 INFO Epoch 9 | Step 60/108 | Loss 0.5731 | LR 9.9973e-05
2026-04-14 21:23:38 INFO Epoch 9 | Step 80/108 | Loss 0.5745 | LR 9.9970e-05
2026-04-14 21:24:03 INFO Epoch 9 | Step 100/108 | Loss 0.5662 | LR 9.9967e-05
2026-04-14 21:24:13 INFO Epoch 9 | Step 108/108 | Loss 0.5672 | LR 9.9965e-05
2026-04-14 21:27:10 INFO CSV Written | Epoch: 9
2026-04-14 21:27:10 INFO Epoch Done | Epoch: 9 | Time: 320.5082 | Train Loss: 0.5672 | Val Accuracy: 0.7600 | Val AUPRC: 0.9234 | Val Auroc: 0.9236 | Val F1: 0.6951 | Val Loss: 0.5210
2026-04-14 21:27:10 INFO Epoch Start | Epoch: 10
2026-04-14 21:27:19 INFO Epoch 10 | Step 1/108 | Loss 0.5694 | LR 9.9965e-05
2026-04-14 21:27:43 INFO Epoch 10 | Step 20/108 | Loss 0.5341 | LR 9.9962e-05
2026-04-14 21:28:09 INFO Epoch 10 | Step 40/108 | Loss 0.5499 | LR 9.9959e-05
2026-04-14 21:28:34 INFO Epoch 10 | Step 60/108 | Loss 0.5526 | LR 9.9955e-05
2026-04-14 21:29:00 INFO Epoch 10 | Step 80/108 | Loss 0.5567 | LR 9.9951e-05
2026-04-14 21:29:25 INFO Epoch 10 | Step 100/108 | Loss 0.5571 | LR 9.9948e-05
2026-04-14 21:29:35 INFO Epoch 10 | Step 108/108 | Loss 0.5553 | LR 9.9946e-05
2026-04-14 21:32:33 INFO CSV Written | Epoch: 10
2026-04-14 21:32:33 INFO Epoch Done | Epoch: 10 | Time: 322.0957 | Train Loss: 0.5553 | Val Accuracy: 0.7918 | Val AUPRC: 0.9247 | Val Auroc: 0.9235 | Val F1: 0.7501 | Val Loss: 0.4913
2026-04-14 21:32:33 INFO Epoch Start | Epoch: 11
2026-04-14 21:32:39 INFO Epoch 11 | Step 1/108 | Loss 0.4382 | LR 9.9946e-05
2026-04-14 21:33:03 INFO Epoch 11 | Step 20/108 | Loss 0.5066 | LR 9.9942e-05
2026-04-14 21:33:28 INFO Epoch 11 | Step 40/108 | Loss 0.5247 | LR 9.9938e-05
2026-04-14 21:33:54 INFO Epoch 11 | Step 60/108 | Loss 0.5311 | LR 9.9933e-05
2026-04-14 21:34:19 INFO Epoch 11 | Step 80/108 | Loss 0.5401 | LR 9.9929e-05
2026-04-14 21:34:44 INFO Epoch 11 | Step 100/108 | Loss 0.5396 | LR 9.9924e-05
2026-04-14 21:34:54 INFO Epoch 11 | Step 108/108 | Loss 0.5392 | LR 9.9922e-05
2026-04-14 21:37:50 INFO CSV Written | Epoch: 11
2026-04-14 21:37:50 INFO Epoch Done | Epoch: 11 | Time: 317.0898 | Train Loss: 0.5392 | Val Accuracy: 0.7859 | Val AUPRC: 0.9238 | Val Auroc: 0.9237 | Val F1: 0.7406 | Val Loss: 0.4931
2026-04-14 21:37:50 INFO Epoch Start | Epoch: 12
2026-04-14 21:38:03 INFO Epoch 12 | Step 1/108 | Loss 0.3743 | LR 9.9922e-05
2026-04-14 21:38:27 INFO Epoch 12 | Step 20/108 | Loss 0.5300 | LR 9.9917e-05
2026-04-14 21:38:52 INFO Epoch 12 | Step 40/108 | Loss 0.5130 | LR 9.9912e-05
2026-04-14 21:39:18 INFO Epoch 12 | Step 60/108 | Loss 0.5221 | LR 9.9907e-05
2026-04-14 21:39:43 INFO Epoch 12 | Step 80/108 | Loss 0.5265 | LR 9.9902e-05
2026-04-14 21:40:08 INFO Epoch 12 | Step 100/108 | Loss 0.5289 | LR 9.9896e-05
2026-04-14 21:40:18 INFO Epoch 12 | Step 108/108 | Loss 0.5296 | LR 9.9894e-05
2026-04-14 21:43:18 INFO CSV Written | Epoch: 12
2026-04-14 21:43:18 INFO Best Saved | Epoch: 12 | Monitor: val_auprc | Value: 0.9279
2026-04-14 21:43:18 INFO Epoch Done | Epoch: 12 | Time: 327.9135 | Train Loss: 0.5296 | Val Accuracy: 0.7895 | Val AUPRC: 0.9279 | Val Auroc: 0.9267 | Val F1: 0.7447 | Val Loss: 0.4973
2026-04-14 21:43:18 INFO Epoch Start | Epoch: 13
2026-04-14 21:43:30 INFO Epoch 13 | Step 1/108 | Loss 0.5390 | LR 9.9894e-05
2026-04-14 21:43:54 INFO Epoch 13 | Step 20/108 | Loss 0.5144 | LR 9.9888e-05
2026-04-14 21:44:19 INFO Epoch 13 | Step 40/108 | Loss 0.5218 | LR 9.9883e-05
2026-04-14 21:44:44 INFO Epoch 13 | Step 60/108 | Loss 0.5287 | LR 9.9877e-05
2026-04-14 21:45:10 INFO Epoch 13 | Step 80/108 | Loss 0.5311 | LR 9.9871e-05
2026-04-14 21:45:35 INFO Epoch 13 | Step 100/108 | Loss 0.5302 | LR 9.9864e-05
2026-04-14 21:45:45 INFO Epoch 13 | Step 108/108 | Loss 0.5337 | LR 9.9862e-05
2026-04-14 21:48:42 INFO CSV Written | Epoch: 13
2026-04-14 21:48:42 INFO Epoch Done | Epoch: 13 | Time: 324.2733 | Train Loss: 0.5337 | Val Accuracy: 0.7919 | Val AUPRC: 0.9261 | Val Auroc: 0.9253 | Val F1: 0.7501 | Val Loss: 0.4823
2026-04-14 21:48:42 INFO Epoch Start | Epoch: 14
2026-04-14 21:48:49 INFO Epoch 14 | Step 1/108 | Loss 0.5985 | LR 9.9861e-05
2026-04-14 21:49:14 INFO Epoch 14 | Step 20/108 | Loss 0.4800 | LR 9.9855e-05
2026-04-14 21:49:39 INFO Epoch 14 | Step 40/108 | Loss 0.4808 | LR 9.9849e-05
2026-04-14 21:50:04 INFO Epoch 14 | Step 60/108 | Loss 0.4969 | LR 9.9842e-05
2026-04-14 21:50:30 INFO Epoch 14 | Step 80/108 | Loss 0.5023 | LR 9.9835e-05
2026-04-14 21:50:55 INFO Epoch 14 | Step 100/108 | Loss 0.5084 | LR 9.9828e-05
2026-04-14 21:51:05 INFO Epoch 14 | Step 108/108 | Loss 0.5113 | LR 9.9825e-05
2026-04-14 21:54:04 INFO CSV Written | Epoch: 14
2026-04-14 21:54:04 INFO Epoch Done | Epoch: 14 | Time: 322.1080 | Train Loss: 0.5113 | Val Accuracy: 0.7904 | Val AUPRC: 0.9243 | Val Auroc: 0.9242 | Val F1: 0.7482 | Val Loss: 0.4905
2026-04-14 21:54:04 INFO Epoch Start | Epoch: 15
2026-04-14 21:54:14 INFO Epoch 15 | Step 1/108 | Loss 0.3833 | LR 9.9825e-05
2026-04-14 21:54:38 INFO Epoch 15 | Step 20/108 | Loss 0.4625 | LR 9.9818e-05
2026-04-14 21:55:03 INFO Epoch 15 | Step 40/108 | Loss 0.4868 | LR 9.9810e-05
2026-04-14 21:55:28 INFO Epoch 15 | Step 60/108 | Loss 0.4898 | LR 9.9803e-05
2026-04-14 21:55:53 INFO Epoch 15 | Step 80/108 | Loss 0.4895 | LR 9.9795e-05
2026-04-14 21:56:19 INFO Epoch 15 | Step 100/108 | Loss 0.4929 | LR 9.9787e-05
2026-04-14 21:56:29 INFO Epoch 15 | Step 108/108 | Loss 0.4972 | LR 9.9784e-05
2026-04-14 21:59:26 INFO CSV Written | Epoch: 15
2026-04-14 21:59:26 INFO Epoch Done | Epoch: 15 | Time: 322.1437 | Train Loss: 0.4972 | Val Accuracy: 0.7921 | Val AUPRC: 0.9257 | Val Auroc: 0.9252 | Val F1: 0.7505 | Val Loss: 0.4899
2026-04-14 21:59:26 INFO Epoch Start | Epoch: 16
2026-04-14 21:59:34 INFO Epoch 16 | Step 1/108 | Loss 0.3606 | LR 9.9784e-05
2026-04-14 21:59:58 INFO Epoch 16 | Step 20/108 | Loss 0.4834 | LR 9.9776e-05
2026-04-14 22:00:23 INFO Epoch 16 | Step 40/108 | Loss 0.4902 | LR 9.9768e-05
2026-04-14 22:00:48 INFO Epoch 16 | Step 60/108 | Loss 0.4954 | LR 9.9760e-05
2026-04-14 22:01:13 INFO Epoch 16 | Step 80/108 | Loss 0.5136 | LR 9.9751e-05
2026-04-14 22:01:39 INFO Epoch 16 | Step 100/108 | Loss 0.5104 | LR 9.9742e-05
2026-04-14 22:01:49 INFO Epoch 16 | Step 108/108 | Loss 0.5140 | LR 9.9739e-05
2026-04-14 22:04:45 INFO CSV Written | Epoch: 16
2026-04-14 22:04:45 INFO Epoch Done | Epoch: 16 | Time: 318.5268 | Train Loss: 0.5140 | Val Accuracy: 0.7893 | Val AUPRC: 0.9258 | Val Auroc: 0.9257 | Val F1: 0.7456 | Val Loss: 0.4980
2026-04-14 22:04:45 INFO Epoch Start | Epoch: 17
2026-04-14 22:04:57 INFO Epoch 17 | Step 1/108 | Loss 0.5985 | LR 9.9739e-05
2026-04-14 22:05:22 INFO Epoch 17 | Step 20/108 | Loss 0.4687 | LR 9.9730e-05
2026-04-14 22:05:47 INFO Epoch 17 | Step 40/108 | Loss 0.4554 | LR 9.9721e-05
2026-04-14 22:06:12 INFO Epoch 17 | Step 60/108 | Loss 0.4668 | LR 9.9712e-05
2026-04-14 22:06:37 INFO Epoch 17 | Step 80/108 | Loss 0.4810 | LR 9.9703e-05
2026-04-14 22:07:03 INFO Epoch 17 | Step 100/108 | Loss 0.4842 | LR 9.9693e-05
2026-04-14 22:07:13 INFO Epoch 17 | Step 108/108 | Loss 0.4853 | LR 9.9689e-05
2026-04-14 22:10:11 INFO CSV Written | Epoch: 17
2026-04-14 22:10:11 INFO Epoch Done | Epoch: 17 | Time: 326.3388 | Train Loss: 0.4853 | Val Accuracy: 0.7960 | Val AUPRC: 0.9273 | Val Auroc: 0.9264 | Val F1: 0.7564 | Val Loss: 0.4814
2026-04-14 22:10:11 INFO Epoch Start | Epoch: 18
2026-04-14 22:10:19 INFO Epoch 18 | Step 1/108 | Loss 0.5438 | LR 9.9689e-05
2026-04-14 22:10:43 INFO Epoch 18 | Step 20/108 | Loss 0.5063 | LR 9.9680e-05
2026-04-14 22:11:08 INFO Epoch 18 | Step 40/108 | Loss 0.4843 | LR 9.9670e-05
2026-04-14 22:11:34 INFO Epoch 18 | Step 60/108 | Loss 0.4758 | LR 9.9660e-05
2026-04-14 22:11:59 INFO Epoch 18 | Step 80/108 | Loss 0.4692 | LR 9.9650e-05
2026-04-14 22:12:25 INFO Epoch 18 | Step 100/108 | Loss 0.4767 | LR 9.9640e-05
2026-04-14 22:12:35 INFO Epoch 18 | Step 108/108 | Loss 0.4776 | LR 9.9636e-05
2026-04-14 22:15:34 INFO CSV Written | Epoch: 18
2026-04-14 22:15:35 INFO Best Saved | Epoch: 18 | Monitor: val_auprc | Value: 0.9288
2026-04-14 22:15:35 INFO Epoch Done | Epoch: 18 | Time: 323.0061 | Train Loss: 0.4776 | Val Accuracy: 0.8029 | Val AUPRC: 0.9288 | Val Auroc: 0.9284 | Val F1: 0.7665 | Val Loss: 0.4748
2026-04-14 22:15:35 INFO Epoch Start | Epoch: 19
2026-04-14 22:15:43 INFO Epoch 19 | Step 1/108 | Loss 0.5023 | LR 9.9635e-05
2026-04-14 22:16:07 INFO Epoch 19 | Step 20/108 | Loss 0.4991 | LR 9.9625e-05
2026-04-14 22:16:32 INFO Epoch 19 | Step 40/108 | Loss 0.4927 | LR 9.9615e-05
2026-04-14 22:16:57 INFO Epoch 19 | Step 60/108 | Loss 0.4827 | LR 9.9604e-05
2026-04-14 22:17:23 INFO Epoch 19 | Step 80/108 | Loss 0.4868 | LR 9.9593e-05
2026-04-14 22:17:48 INFO Epoch 19 | Step 100/108 | Loss 0.4807 | LR 9.9582e-05
2026-04-14 22:17:58 INFO Epoch 19 | Step 108/108 | Loss 0.4800 | LR 9.9578e-05
2026-04-14 22:20:55 INFO CSV Written | Epoch: 19
2026-04-14 22:20:55 INFO Epoch Done | Epoch: 19 | Time: 320.4303 | Train Loss: 0.4800 | Val Accuracy: 0.8241 | Val AUPRC: 0.9244 | Val Auroc: 0.9270 | Val F1: 0.8017 | Val Loss: 0.4558
2026-04-14 22:20:55 INFO Epoch Start | Epoch: 20
2026-04-14 22:21:07 INFO Epoch 20 | Step 1/108 | Loss 0.4396 | LR 9.9577e-05
2026-04-14 22:21:31 INFO Epoch 20 | Step 20/108 | Loss 0.4449 | LR 9.9566e-05
2026-04-14 22:21:56 INFO Epoch 20 | Step 40/108 | Loss 0.4406 | LR 9.9555e-05
2026-04-14 22:22:22 INFO Epoch 20 | Step 60/108 | Loss 0.4501 | LR 9.9543e-05
2026-04-14 22:22:47 INFO Epoch 20 | Step 80/108 | Loss 0.4570 | LR 9.9532e-05
2026-04-14 22:23:12 INFO Epoch 20 | Step 100/108 | Loss 0.4498 | LR 9.9520e-05
2026-04-14 22:23:22 INFO Epoch 20 | Step 108/108 | Loss 0.4560 | LR 9.9515e-05
2026-04-14 22:26:22 INFO CSV Written | Epoch: 20
2026-04-14 22:26:22 INFO Epoch Done | Epoch: 20 | Time: 327.1087 | Train Loss: 0.4560 | Val Accuracy: 0.7840 | Val AUPRC: 0.9260 | Val Auroc: 0.9254 | Val F1: 0.7366 | Val Loss: 0.5223
2026-04-14 22:26:22 INFO Epoch Start | Epoch: 21
2026-04-14 22:26:29 INFO Epoch 21 | Step 1/108 | Loss 0.3871 | LR 9.9515e-05
2026-04-14 22:26:53 INFO Epoch 21 | Step 20/108 | Loss 0.4234 | LR 9.9503e-05
2026-04-14 22:27:19 INFO Epoch 21 | Step 40/108 | Loss 0.4419 | LR 9.9491e-05
2026-04-14 22:27:44 INFO Epoch 21 | Step 60/108 | Loss 0.4608 | LR 9.9479e-05
2026-04-14 22:28:09 INFO Epoch 21 | Step 80/108 | Loss 0.4492 | LR 9.9466e-05
2026-04-14 22:28:34 INFO Epoch 21 | Step 100/108 | Loss 0.4591 | LR 9.9454e-05
2026-04-14 22:28:44 INFO Epoch 21 | Step 108/108 | Loss 0.4567 | LR 9.9449e-05
2026-04-14 22:31:42 INFO CSV Written | Epoch: 21
2026-04-14 22:31:42 INFO Epoch Done | Epoch: 21 | Time: 319.4342 | Train Loss: 0.4567 | Val Accuracy: 0.8020 | Val AUPRC: 0.9280 | Val Auroc: 0.9280 | Val F1: 0.7654 | Val Loss: 0.4918
2026-04-14 22:31:42 INFO Epoch Start | Epoch: 22
2026-04-14 22:31:54 INFO Epoch 22 | Step 1/108 | Loss 0.3916 | LR 9.9448e-05
2026-04-14 22:32:18 INFO Epoch 22 | Step 20/108 | Loss 0.4499 | LR 9.9436e-05
2026-04-14 22:32:43 INFO Epoch 22 | Step 40/108 | Loss 0.4642 | LR 9.9423e-05
2026-04-14 22:33:08 INFO Epoch 22 | Step 60/108 | Loss 0.4603 | LR 9.9410e-05
2026-04-14 22:33:34 INFO Epoch 22 | Step 80/108 | Loss 0.4587 | LR 9.9396e-05
2026-04-14 22:33:59 INFO Epoch 22 | Step 100/108 | Loss 0.4606 | LR 9.9383e-05
2026-04-14 22:34:09 INFO Epoch 22 | Step 108/108 | Loss 0.4574 | LR 9.9378e-05
2026-04-14 22:37:07 INFO CSV Written | Epoch: 22
2026-04-14 22:37:07 INFO Epoch Done | Epoch: 22 | Time: 325.0141 | Train Loss: 0.4574 | Val Accuracy: 0.8193 | Val AUPRC: 0.9271 | Val Auroc: 0.9275 | Val F1: 0.7933 | Val Loss: 0.4695
2026-04-14 22:37:07 INFO Epoch Start | Epoch: 23
2026-04-14 22:37:21 INFO Epoch 23 | Step 1/108 | Loss 0.3967 | LR 9.9377e-05
2026-04-14 22:37:45 INFO Epoch 23 | Step 20/108 | Loss 0.4151 | LR 9.9364e-05
2026-04-14 22:38:10 INFO Epoch 23 | Step 40/108 | Loss 0.4409 | LR 9.9350e-05
2026-04-14 22:38:35 INFO Epoch 23 | Step 60/108 | Loss 0.4501 | LR 9.9336e-05
2026-04-14 22:39:00 INFO Epoch 23 | Step 80/108 | Loss 0.4576 | LR 9.9322e-05
2026-04-14 22:39:26 INFO Epoch 23 | Step 100/108 | Loss 0.4572 | LR 9.9308e-05
2026-04-14 22:39:36 INFO Epoch 23 | Step 108/108 | Loss 0.4506 | LR 9.9303e-05
2026-04-14 22:42:33 INFO CSV Written | Epoch: 23
2026-04-14 22:42:33 INFO Epoch Done | Epoch: 23 | Time: 325.9613 | Train Loss: 0.4506 | Val Accuracy: 0.8169 | Val AUPRC: 0.9281 | Val Auroc: 0.9288 | Val F1: 0.7894 | Val Loss: 0.4668
2026-04-14 22:42:33 INFO Epoch Start | Epoch: 24
2026-04-14 22:42:41 INFO Epoch 24 | Step 1/108 | Loss 0.3902 | LR 9.9302e-05
2026-04-14 22:43:05 INFO Epoch 24 | Step 20/108 | Loss 0.4073 | LR 9.9288e-05
2026-04-14 22:43:31 INFO Epoch 24 | Step 40/108 | Loss 0.4217 | LR 9.9274e-05
2026-04-14 22:43:56 INFO Epoch 24 | Step 60/108 | Loss 0.4296 | LR 9.9259e-05
2026-04-14 22:44:21 INFO Epoch 24 | Step 80/108 | Loss 0.4250 | LR 9.9244e-05
2026-04-14 22:44:47 INFO Epoch 24 | Step 100/108 | Loss 0.4297 | LR 9.9229e-05
2026-04-14 22:44:57 INFO Epoch 24 | Step 108/108 | Loss 0.4295 | LR 9.9223e-05
2026-04-14 22:47:53 INFO CSV Written | Epoch: 24
2026-04-14 22:47:53 INFO Epoch Done | Epoch: 24 | Time: 320.5876 | Train Loss: 0.4295 | Val Accuracy: 0.8285 | Val AUPRC: 0.9240 | Val Auroc: 0.9277 | Val F1: 0.8074 | Val Loss: 0.4450
2026-04-14 22:47:53 INFO Epoch Start | Epoch: 25
2026-04-14 22:48:04 INFO Epoch 25 | Step 1/108 | Loss 0.4044 | LR 9.9222e-05
2026-04-14 22:48:28 INFO Epoch 25 | Step 20/108 | Loss 0.4347 | LR 9.9208e-05
2026-04-14 22:48:53 INFO Epoch 25 | Step 40/108 | Loss 0.4375 | LR 9.9193e-05
2026-04-14 22:49:18 INFO Epoch 25 | Step 60/108 | Loss 0.4254 | LR 9.9177e-05
2026-04-14 22:49:43 INFO Epoch 25 | Step 80/108 | Loss 0.4300 | LR 9.9162e-05
2026-04-14 22:50:09 INFO Epoch 25 | Step 100/108 | Loss 0.4264 | LR 9.9146e-05
2026-04-14 22:50:19 INFO Epoch 25 | Step 108/108 | Loss 0.4275 | LR 9.9139e-05
2026-04-14 22:53:14 INFO CSV Written | Epoch: 25
2026-04-14 22:53:15 INFO Best Saved | Epoch: 25 | Monitor: val_auprc | Value: 0.9307
2026-04-14 22:53:15 INFO Epoch Done | Epoch: 25 | Time: 321.0035 | Train Loss: 0.4275 | Val Accuracy: 0.8255 | Val AUPRC: 0.9307 | Val Auroc: 0.9304 | Val F1: 0.8012 | Val Loss: 0.4573
2026-04-14 22:53:15 INFO Epoch Start | Epoch: 26
2026-04-14 22:53:24 INFO Epoch 26 | Step 1/108 | Loss 0.3743 | LR 9.9139e-05
2026-04-14 22:53:48 INFO Epoch 26 | Step 20/108 | Loss 0.4449 | LR 9.9124e-05
2026-04-14 22:54:13 INFO Epoch 26 | Step 40/108 | Loss 0.4343 | LR 9.9107e-05
2026-04-14 22:54:38 INFO Epoch 26 | Step 60/108 | Loss 0.4313 | LR 9.9091e-05
2026-04-14 22:55:03 INFO Epoch 26 | Step 80/108 | Loss 0.4233 | LR 9.9075e-05
2026-04-14 22:55:28 INFO Epoch 26 | Step 100/108 | Loss 0.4244 | LR 9.9058e-05
2026-04-14 22:55:39 INFO Epoch 26 | Step 108/108 | Loss 0.4260 | LR 9.9052e-05
2026-04-14 22:58:38 INFO CSV Written | Epoch: 26
2026-04-14 22:58:38 INFO Epoch Done | Epoch: 26 | Time: 323.0279 | Train Loss: 0.4260 | Val Accuracy: 0.8301 | Val AUPRC: 0.9276 | Val Auroc: 0.9280 | Val F1: 0.8095 | Val Loss: 0.4519
2026-04-14 22:58:38 INFO Epoch Start | Epoch: 27
2026-04-14 22:58:45 INFO Epoch 27 | Step 1/108 | Loss 0.5999 | LR 9.9051e-05
2026-04-14 22:59:09 INFO Epoch 27 | Step 20/108 | Loss 0.4285 | LR 9.9035e-05
2026-04-14 22:59:34 INFO Epoch 27 | Step 40/108 | Loss 0.4105 | LR 9.9018e-05
2026-04-14 23:00:00 INFO Epoch 27 | Step 60/108 | Loss 0.4068 | LR 9.9001e-05
2026-04-14 23:00:25 INFO Epoch 27 | Step 80/108 | Loss 0.4181 | LR 9.8984e-05
2026-04-14 23:00:50 INFO Epoch 27 | Step 100/108 | Loss 0.4137 | LR 9.8966e-05
2026-04-14 23:01:01 INFO Epoch 27 | Step 108/108 | Loss 0.4128 | LR 9.8959e-05
2026-04-14 23:03:58 INFO CSV Written | Epoch: 27
2026-04-14 23:03:58 INFO Epoch Done | Epoch: 27 | Time: 320.5727 | Train Loss: 0.4128 | Val Accuracy: 0.8260 | Val AUPRC: 0.9295 | Val Auroc: 0.9308 | Val F1: 0.8028 | Val Loss: 0.4642
2026-04-14 23:03:58 INFO Epoch Start | Epoch: 28
2026-04-14 23:04:07 INFO Epoch 28 | Step 1/108 | Loss 0.4315 | LR 9.8959e-05
2026-04-14 23:04:31 INFO Epoch 28 | Step 20/108 | Loss 0.4215 | LR 9.8942e-05
2026-04-14 23:04:56 INFO Epoch 28 | Step 40/108 | Loss 0.4134 | LR 9.8924e-05
2026-04-14 23:05:21 INFO Epoch 28 | Step 60/108 | Loss 0.4174 | LR 9.8906e-05
2026-04-14 23:05:47 INFO Epoch 28 | Step 80/108 | Loss 0.4270 | LR 9.8889e-05
2026-04-14 23:06:12 INFO Epoch 28 | Step 100/108 | Loss 0.4268 | LR 9.8870e-05
2026-04-14 23:06:22 INFO Epoch 28 | Step 108/108 | Loss 0.4285 | LR 9.8863e-05
2026-04-14 23:09:21 INFO CSV Written | Epoch: 28
2026-04-14 23:09:21 INFO Epoch Done | Epoch: 28 | Time: 322.5110 | Train Loss: 0.4285 | Val Accuracy: 0.8328 | Val AUPRC: 0.9276 | Val Auroc: 0.9292 | Val F1: 0.8139 | Val Loss: 0.4494
2026-04-14 23:09:21 INFO Epoch Start | Epoch: 29
2026-04-14 23:09:28 INFO Epoch 29 | Step 1/108 | Loss 0.3899 | LR 9.8862e-05
2026-04-14 23:09:52 INFO Epoch 29 | Step 20/108 | Loss 0.3981 | LR 9.8845e-05
2026-04-14 23:10:17 INFO Epoch 29 | Step 40/108 | Loss 0.3984 | LR 9.8826e-05
2026-04-14 23:10:43 INFO Epoch 29 | Step 60/108 | Loss 0.4011 | LR 9.8808e-05
2026-04-14 23:11:08 INFO Epoch 29 | Step 80/108 | Loss 0.4039 | LR 9.8789e-05
2026-04-14 23:11:33 INFO Epoch 29 | Step 100/108 | Loss 0.4025 | LR 9.8770e-05
2026-04-14 23:11:43 INFO Epoch 29 | Step 108/108 | Loss 0.4006 | LR 9.8763e-05
2026-04-14 23:14:41 INFO CSV Written | Epoch: 29
2026-04-14 23:14:41 INFO Epoch Done | Epoch: 29 | Time: 320.6465 | Train Loss: 0.4006 | Val Accuracy: 0.8318 | Val AUPRC: 0.9280 | Val Auroc: 0.9307 | Val F1: 0.8113 | Val Loss: 0.4512
2026-04-14 23:14:41 INFO Epoch Start | Epoch: 30
2026-04-14 23:14:48 INFO Epoch 30 | Step 1/108 | Loss 0.5574 | LR 9.8762e-05
2026-04-14 23:15:12 INFO Epoch 30 | Step 20/108 | Loss 0.4042 | LR 9.8744e-05
2026-04-14 23:15:37 INFO Epoch 30 | Step 40/108 | Loss 0.4197 | LR 9.8724e-05
2026-04-14 23:16:03 INFO Epoch 30 | Step 60/108 | Loss 0.4209 | LR 9.8705e-05
2026-04-14 23:16:28 INFO Epoch 30 | Step 80/108 | Loss 0.4299 | LR 9.8685e-05
2026-04-14 23:16:53 INFO Epoch 30 | Step 100/108 | Loss 0.4199 | LR 9.8666e-05
2026-04-14 23:17:04 INFO Epoch 30 | Step 108/108 | Loss 0.4187 | LR 9.8658e-05
2026-04-14 23:20:03 INFO CSV Written | Epoch: 30
2026-04-14 23:20:03 INFO Epoch Done | Epoch: 30 | Time: 321.1473 | Train Loss: 0.4187 | Val Accuracy: 0.8375 | Val AUPRC: 0.9296 | Val Auroc: 0.9311 | Val F1: 0.8201 | Val Loss: 0.4395
2026-04-14 23:20:03 INFO Epoch Start | Epoch: 31
2026-04-14 23:20:10 INFO Epoch 31 | Step 1/108 | Loss 0.5000 | LR 9.8657e-05
2026-04-14 23:20:34 INFO Epoch 31 | Step 20/108 | Loss 0.3914 | LR 9.8638e-05
2026-04-14 23:20:59 INFO Epoch 31 | Step 40/108 | Loss 0.4007 | LR 9.8618e-05
2026-04-14 23:21:24 INFO Epoch 31 | Step 60/108 | Loss 0.4117 | LR 9.8598e-05
2026-04-14 23:21:49 INFO Epoch 31 | Step 80/108 | Loss 0.4036 | LR 9.8578e-05
2026-04-14 23:22:15 INFO Epoch 31 | Step 100/108 | Loss 0.3976 | LR 9.8557e-05
2026-04-14 23:22:25 INFO Epoch 31 | Step 108/108 | Loss 0.3929 | LR 9.8549e-05
2026-04-14 23:25:23 INFO CSV Written | Epoch: 31
2026-04-14 23:25:23 INFO Epoch Done | Epoch: 31 | Time: 320.6742 | Train Loss: 0.3929 | Val Accuracy: 0.8398 | Val AUPRC: 0.9286 | Val Auroc: 0.9301 | Val F1: 0.8240 | Val Loss: 0.4612
2026-04-14 23:25:23 INFO Epoch Start | Epoch: 32
2026-04-14 23:25:31 INFO Epoch 32 | Step 1/108 | Loss 0.4724 | LR 9.8548e-05
2026-04-14 23:25:55 INFO Epoch 32 | Step 20/108 | Loss 0.3529 | LR 9.8528e-05
2026-04-14 23:26:20 INFO Epoch 32 | Step 40/108 | Loss 0.3654 | LR 9.8508e-05
2026-04-14 23:26:45 INFO Epoch 32 | Step 60/108 | Loss 0.3634 | LR 9.8487e-05
2026-04-14 23:27:11 INFO Epoch 32 | Step 80/108 | Loss 0.3693 | LR 9.8466e-05
2026-04-14 23:27:36 INFO Epoch 32 | Step 100/108 | Loss 0.3750 | LR 9.8444e-05
2026-04-14 23:27:46 INFO Epoch 32 | Step 108/108 | Loss 0.3791 | LR 9.8436e-05
2026-04-14 23:30:44 INFO CSV Written | Epoch: 32
2026-04-14 23:30:44 INFO Epoch Done | Epoch: 32 | Time: 321.1494 | Train Loss: 0.3791 | Val Accuracy: 0.8433 | Val AUPRC: 0.9278 | Val Auroc: 0.9313 | Val F1: 0.8283 | Val Loss: 0.4328
2026-04-14 23:30:44 INFO Epoch Start | Epoch: 33
2026-04-14 23:30:52 INFO Epoch 33 | Step 1/108 | Loss 0.3989 | LR 9.8435e-05
2026-04-14 23:31:16 INFO Epoch 33 | Step 20/108 | Loss 0.3665 | LR 9.8414e-05
2026-04-14 23:31:42 INFO Epoch 33 | Step 40/108 | Loss 0.3754 | LR 9.8393e-05
2026-04-14 23:32:07 INFO Epoch 33 | Step 60/108 | Loss 0.3625 | LR 9.8371e-05
2026-04-14 23:32:32 INFO Epoch 33 | Step 80/108 | Loss 0.3647 | LR 9.8349e-05
2026-04-14 23:32:57 INFO Epoch 33 | Step 100/108 | Loss 0.3716 | LR 9.8327e-05
2026-04-14 23:33:08 INFO Epoch 33 | Step 108/108 | Loss 0.3715 | LR 9.8318e-05
2026-04-14 23:36:05 INFO CSV Written | Epoch: 33
2026-04-14 23:36:05 INFO Epoch Done | Epoch: 33 | Time: 320.9963 | Train Loss: 0.3715 | Val Accuracy: 0.8404 | Val AUPRC: 0.9303 | Val Auroc: 0.9303 | Val F1: 0.8246 | Val Loss: 0.4501
2026-04-14 23:36:05 INFO Epoch Start | Epoch: 34
2026-04-14 23:36:13 INFO Epoch 34 | Step 1/108 | Loss 0.3141 | LR 9.8317e-05
2026-04-14 23:36:37 INFO Epoch 34 | Step 20/108 | Loss 0.3689 | LR 9.8296e-05
2026-04-14 23:37:02 INFO Epoch 34 | Step 40/108 | Loss 0.3962 | LR 9.8274e-05
2026-04-14 23:37:27 INFO Epoch 34 | Step 60/108 | Loss 0.3842 | LR 9.8252e-05
2026-04-14 23:37:53 INFO Epoch 34 | Step 80/108 | Loss 0.3827 | LR 9.8229e-05
2026-04-14 23:38:18 INFO Epoch 34 | Step 100/108 | Loss 0.3860 | LR 9.8206e-05
2026-04-14 23:38:28 INFO Epoch 34 | Step 108/108 | Loss 0.3821 | LR 9.8197e-05
2026-04-14 23:41:27 INFO CSV Written | Epoch: 34
2026-04-14 23:41:27 INFO Epoch Done | Epoch: 34 | Time: 321.4263 | Train Loss: 0.3821 | Val Accuracy: 0.8351 | Val AUPRC: 0.9300 | Val Auroc: 0.9314 | Val F1: 0.8160 | Val Loss: 0.4633
2026-04-14 23:41:27 INFO Epoch Start | Epoch: 35
2026-04-14 23:41:35 INFO Epoch 35 | Step 1/108 | Loss 0.3746 | LR 9.8196e-05
2026-04-14 23:41:59 INFO Epoch 35 | Step 20/108 | Loss 0.3710 | LR 9.8174e-05
2026-04-14 23:42:24 INFO Epoch 35 | Step 40/108 | Loss 0.3853 | LR 9.8151e-05
2026-04-14 23:42:49 INFO Epoch 35 | Step 60/108 | Loss 0.3903 | LR 9.8128e-05
2026-04-14 23:43:15 INFO Epoch 35 | Step 80/108 | Loss 0.3799 | LR 9.8104e-05
2026-04-14 23:43:40 INFO Epoch 35 | Step 100/108 | Loss 0.3803 | LR 9.8081e-05
2026-04-14 23:43:50 INFO Epoch 35 | Step 108/108 | Loss 0.3777 | LR 9.8071e-05
2026-04-14 23:46:47 INFO CSV Written | Epoch: 35
2026-04-14 23:46:47 INFO Best Saved | Epoch: 35 | Monitor: val_auprc | Value: 0.9334
2026-04-14 23:46:47 INFO Epoch Done | Epoch: 35 | Time: 319.8252 | Train Loss: 0.3777 | Val Accuracy: 0.8492 | Val AUPRC: 0.9334 | Val Auroc: 0.9334 | Val F1: 0.8373 | Val Loss: 0.4291
2026-04-14 23:46:47 INFO Epoch Start | Epoch: 36
2026-04-14 23:46:59 INFO Epoch 36 | Step 1/108 | Loss 0.4048 | LR 9.8070e-05
2026-04-14 23:47:23 INFO Epoch 36 | Step 20/108 | Loss 0.3695 | LR 9.8048e-05
2026-04-14 23:47:48 INFO Epoch 36 | Step 40/108 | Loss 0.3808 | LR 9.8024e-05
2026-04-14 23:48:14 INFO Epoch 36 | Step 60/108 | Loss 0.3830 | LR 9.8000e-05
2026-04-14 23:48:39 INFO Epoch 36 | Step 80/108 | Loss 0.3809 | LR 9.7976e-05
2026-04-14 23:49:04 INFO Epoch 36 | Step 100/108 | Loss 0.3841 | LR 9.7951e-05
2026-04-14 23:49:14 INFO Epoch 36 | Step 108/108 | Loss 0.3813 | LR 9.7942e-05
2026-04-14 23:52:13 INFO CSV Written | Epoch: 36
2026-04-14 23:52:13 INFO Epoch Done | Epoch: 36 | Time: 325.7231 | Train Loss: 0.3813 | Val Accuracy: 0.8217 | Val AUPRC: 0.9305 | Val Auroc: 0.9308 | Val F1: 0.7955 | Val Loss: 0.4803
2026-04-14 23:52:13 INFO Epoch Start | Epoch: 37
2026-04-14 23:52:20 INFO Epoch 37 | Step 1/108 | Loss 0.3827 | LR 9.7940e-05
2026-04-14 23:52:44 INFO Epoch 37 | Step 20/108 | Loss 0.3857 | LR 9.7917e-05
2026-04-14 23:53:10 INFO Epoch 37 | Step 40/108 | Loss 0.3809 | LR 9.7892e-05
2026-04-14 23:53:35 INFO Epoch 37 | Step 60/108 | Loss 0.3641 | LR 9.7868e-05
2026-04-14 23:54:00 INFO Epoch 37 | Step 80/108 | Loss 0.3622 | LR 9.7843e-05
2026-04-14 23:54:25 INFO Epoch 37 | Step 100/108 | Loss 0.3701 | LR 9.7818e-05
2026-04-14 23:54:36 INFO Epoch 37 | Step 108/108 | Loss 0.3716 | LR 9.7808e-05
2026-04-14 23:57:33 INFO CSV Written | Epoch: 37
2026-04-14 23:57:33 INFO Epoch Done | Epoch: 37 | Time: 320.0375 | Train Loss: 0.3716 | Val Accuracy: 0.8443 | Val AUPRC: 0.9334 | Val Auroc: 0.9337 | Val F1: 0.8292 | Val Loss: 0.4501
2026-04-14 23:57:33 INFO Epoch Start | Epoch: 38
2026-04-14 23:57:45 INFO Epoch 38 | Step 1/108 | Loss 0.3350 | LR 9.7806e-05
2026-04-14 23:58:09 INFO Epoch 38 | Step 20/108 | Loss 0.3406 | LR 9.7782e-05
2026-04-14 23:58:35 INFO Epoch 38 | Step 40/108 | Loss 0.3646 | LR 9.7757e-05
2026-04-14 23:59:00 INFO Epoch 38 | Step 60/108 | Loss 0.3702 | LR 9.7732e-05
2026-04-14 23:59:25 INFO Epoch 38 | Step 80/108 | Loss 0.3647 | LR 9.7706e-05
2026-04-14 23:59:50 INFO Epoch 38 | Step 100/108 | Loss 0.3581 | LR 9.7680e-05
2026-04-15 00:00:01 INFO Epoch 38 | Step 108/108 | Loss 0.3522 | LR 9.7670e-05
2026-04-15 00:02:58 INFO CSV Written | Epoch: 38
2026-04-15 00:02:58 INFO Epoch Done | Epoch: 38 | Time: 324.8168 | Train Loss: 0.3522 | Val Accuracy: 0.8357 | Val AUPRC: 0.9304 | Val Auroc: 0.9312 | Val F1: 0.8172 | Val Loss: 0.4703
2026-04-15 00:02:58 INFO Epoch Start | Epoch: 39
2026-04-15 00:03:05 INFO Epoch 39 | Step 1/108 | Loss 0.2781 | LR 9.7668e-05
2026-04-15 00:03:29 INFO Epoch 39 | Step 20/108 | Loss 0.3461 | LR 9.7644e-05
2026-04-15 00:03:54 INFO Epoch 39 | Step 40/108 | Loss 0.3691 | LR 9.7618e-05
2026-04-15 00:04:20 INFO Epoch 39 | Step 60/108 | Loss 0.3595 | LR 9.7591e-05
2026-04-15 00:04:45 INFO Epoch 39 | Step 80/108 | Loss 0.3579 | LR 9.7565e-05
2026-04-15 00:05:10 INFO Epoch 39 | Step 100/108 | Loss 0.3569 | LR 9.7538e-05
2026-04-15 00:05:21 INFO Epoch 39 | Step 108/108 | Loss 0.3602 | LR 9.7528e-05
2026-04-15 00:08:17 INFO CSV Written | Epoch: 39
2026-04-15 00:08:17 INFO Epoch Done | Epoch: 39 | Time: 319.7358 | Train Loss: 0.3602 | Val Accuracy: 0.8361 | Val AUPRC: 0.9284 | Val Auroc: 0.9307 | Val F1: 0.8196 | Val Loss: 0.4651
2026-04-15 00:08:17 INFO Epoch Start | Epoch: 40
2026-04-15 00:08:31 INFO Epoch 40 | Step 1/108 | Loss 0.3226 | LR 9.7526e-05
2026-04-15 00:08:55 INFO Epoch 40 | Step 20/108 | Loss 0.3296 | LR 9.7501e-05
2026-04-15 00:09:20 INFO Epoch 40 | Step 40/108 | Loss 0.3540 | LR 9.7474e-05
2026-04-15 00:09:45 INFO Epoch 40 | Step 60/108 | Loss 0.3565 | LR 9.7447e-05
2026-04-15 00:10:11 INFO Epoch 40 | Step 80/108 | Loss 0.3597 | LR 9.7420e-05
2026-04-15 00:10:36 INFO Epoch 40 | Step 100/108 | Loss 0.3573 | LR 9.7392e-05
2026-04-15 00:10:46 INFO Epoch 40 | Step 108/108 | Loss 0.3544 | LR 9.7381e-05
2026-04-15 00:13:45 INFO CSV Written | Epoch: 40
2026-04-15 00:13:45 INFO Epoch Done | Epoch: 40 | Time: 327.1489 | Train Loss: 0.3544 | Val Accuracy: 0.8432 | Val AUPRC: 0.9328 | Val Auroc: 0.9330 | Val F1: 0.8290 | Val Loss: 0.4522
2026-04-15 00:13:45 INFO Epoch Start | Epoch: 41
2026-04-15 00:13:53 INFO Epoch 41 | Step 1/108 | Loss 0.2333 | LR 9.7380e-05
2026-04-15 00:14:17 INFO Epoch 41 | Step 20/108 | Loss 0.3293 | LR 9.7354e-05
2026-04-15 00:14:42 INFO Epoch 41 | Step 40/108 | Loss 0.3402 | LR 9.7326e-05
2026-04-15 00:15:07 INFO Epoch 41 | Step 60/108 | Loss 0.3555 | LR 9.7298e-05
2026-04-15 00:15:32 INFO Epoch 41 | Step 80/108 | Loss 0.3652 | LR 9.7270e-05
2026-04-15 00:15:58 INFO Epoch 41 | Step 100/108 | Loss 0.3615 | LR 9.7242e-05
2026-04-15 00:16:08 INFO Epoch 41 | Step 108/108 | Loss 0.3692 | LR 9.7231e-05
2026-04-15 00:19:03 INFO CSV Written | Epoch: 41
2026-04-15 00:19:03 INFO Epoch Done | Epoch: 41 | Time: 318.7417 | Train Loss: 0.3692 | Val Accuracy: 0.8383 | Val AUPRC: 0.9332 | Val Auroc: 0.9332 | Val F1: 0.8212 | Val Loss: 0.4548
2026-04-15 00:19:03 INFO Epoch Start | Epoch: 42
2026-04-15 00:19:12 INFO Epoch 42 | Step 1/108 | Loss 0.1806 | LR 9.7230e-05
2026-04-15 00:19:36 INFO Epoch 42 | Step 20/108 | Loss 0.3434 | LR 9.7203e-05
2026-04-15 00:20:01 INFO Epoch 42 | Step 40/108 | Loss 0.3501 | LR 9.7174e-05
2026-04-15 00:20:27 INFO Epoch 42 | Step 60/108 | Loss 0.3543 | LR 9.7146e-05
2026-04-15 00:20:52 INFO Epoch 42 | Step 80/108 | Loss 0.3516 | LR 9.7117e-05
2026-04-15 00:21:17 INFO Epoch 42 | Step 100/108 | Loss 0.3524 | LR 9.7088e-05
2026-04-15 00:21:27 INFO Epoch 42 | Step 108/108 | Loss 0.3545 | LR 9.7077e-05
2026-04-15 00:24:25 INFO CSV Written | Epoch: 42
2026-04-15 00:24:25 INFO Epoch Done | Epoch: 42 | Time: 321.7453 | Train Loss: 0.3545 | Val Accuracy: 0.8425 | Val AUPRC: 0.9332 | Val Auroc: 0.9341 | Val F1: 0.8268 | Val Loss: 0.4456
2026-04-15 00:24:25 INFO Epoch Start | Epoch: 43
2026-04-15 00:24:36 INFO Epoch 43 | Step 1/108 | Loss 0.4403 | LR 9.7075e-05
2026-04-15 00:25:01 INFO Epoch 43 | Step 20/108 | Loss 0.3230 | LR 9.7048e-05
2026-04-15 00:25:26 INFO Epoch 43 | Step 40/108 | Loss 0.3318 | LR 9.7018e-05
2026-04-15 00:25:51 INFO Epoch 43 | Step 60/108 | Loss 0.3319 | LR 9.6989e-05
2026-04-15 00:26:16 INFO Epoch 43 | Step 80/108 | Loss 0.3333 | LR 9.6960e-05
2026-04-15 00:26:42 INFO Epoch 43 | Step 100/108 | Loss 0.3373 | LR 9.6930e-05
2026-04-15 00:26:52 INFO Epoch 43 | Step 108/108 | Loss 0.3379 | LR 9.6918e-05
2026-04-15 00:29:49 INFO CSV Written | Epoch: 43
2026-04-15 00:29:49 INFO Epoch Done | Epoch: 43 | Time: 324.0394 | Train Loss: 0.3379 | Val Accuracy: 0.8483 | Val AUPRC: 0.9298 | Val Auroc: 0.9319 | Val F1: 0.8369 | Val Loss: 0.4467
2026-04-15 00:29:49 INFO Epoch Start | Epoch: 44
2026-04-15 00:29:57 INFO Epoch 44 | Step 1/108 | Loss 0.3978 | LR 9.6917e-05
2026-04-15 00:30:21 INFO Epoch 44 | Step 20/108 | Loss 0.3193 | LR 9.6888e-05
2026-04-15 00:30:46 INFO Epoch 44 | Step 40/108 | Loss 0.3201 | LR 9.6858e-05
2026-04-15 00:31:11 INFO Epoch 44 | Step 60/108 | Loss 0.3259 | LR 9.6828e-05
2026-04-15 00:31:37 INFO Epoch 44 | Step 80/108 | Loss 0.3384 | LR 9.6798e-05
2026-04-15 00:32:02 INFO Epoch 44 | Step 100/108 | Loss 0.3362 | LR 9.6768e-05
2026-04-15 00:32:12 INFO Epoch 44 | Step 108/108 | Loss 0.3350 | LR 9.6756e-05
2026-04-15 00:35:08 INFO CSV Written | Epoch: 44
2026-04-15 00:35:08 INFO Epoch Done | Epoch: 44 | Time: 319.1667 | Train Loss: 0.3350 | Val Accuracy: 0.8444 | Val AUPRC: 0.9324 | Val Auroc: 0.9326 | Val F1: 0.8304 | Val Loss: 0.4382
2026-04-15 00:35:08 INFO Epoch Start | Epoch: 45
2026-04-15 00:35:16 INFO Epoch 45 | Step 1/108 | Loss 0.2722 | LR 9.6754e-05
2026-04-15 00:35:41 INFO Epoch 45 | Step 20/108 | Loss 0.3191 | LR 9.6725e-05
2026-04-15 00:36:06 INFO Epoch 45 | Step 40/108 | Loss 0.3255 | LR 9.6694e-05
2026-04-15 00:36:31 INFO Epoch 45 | Step 60/108 | Loss 0.3295 | LR 9.6664e-05
2026-04-15 00:36:57 INFO Epoch 45 | Step 80/108 | Loss 0.3342 | LR 9.6633e-05
2026-04-15 00:37:22 INFO Epoch 45 | Step 100/108 | Loss 0.3300 | LR 9.6602e-05
2026-04-15 00:37:32 INFO Epoch 45 | Step 108/108 | Loss 0.3303 | LR 9.6589e-05
2026-04-15 00:40:30 INFO CSV Written | Epoch: 45
2026-04-15 00:40:30 INFO Epoch Done | Epoch: 45 | Time: 321.4365 | Train Loss: 0.3303 | Val Accuracy: 0.8468 | Val AUPRC: 0.9311 | Val Auroc: 0.9319 | Val F1: 0.8340 | Val Loss: 0.4424
2026-04-15 00:40:30 INFO Early Stop | Epoch: 45
2026-04-15 00:40:30 INFO Stage Done | Run Id: 20260414_202131
2026-04-15 00:40:30 INFO End Training
