2026-04-16 21:47:01 INFO Pipeline Runtime | Device: cuda:0 | Distributed: True | Test Batches: 1691 | Train Batches: 762 | Valid Batches: 762 | World Size: 4
2026-04-16 21:47:01 INFO Stage Start | Checkpoint: None | Init Mode: scratch | Run Id: 20260416_214619
2026-04-16 21:47:49 INFO Finetune Config | Epochs: 30 | Internal Validation Inference Batch Size: 128 | Internal Validation Node Sizes: [20, 40, 60, 80, 100, 120, 140, 160, 180, 200] | Internal Validation Pairs: 3822500 | Internal Validation Subgraphs: 500 | Monitor: internal_val_graph_sim | Pair Batch Size: 32
2026-04-16 21:48:52 INFO Epoch Progress | Epoch: 1 | Loss: 32.9798 | Progress: 0% | Step: 1/385
2026-04-16 22:23:15 INFO Epoch Progress | Epoch: 1 | Loss: 16.0170 | Progress: 25% | Step: 97/385
2026-04-16 22:57:59 INFO Epoch Progress | Epoch: 1 | Loss: 9.4088 | Progress: 50% | Step: 194/385
2026-04-16 23:32:22 INFO Epoch Progress | Epoch: 1 | Loss: 7.2173 | Progress: 76% | Step: 291/385
2026-04-17 00:05:53 INFO Epoch Progress | Epoch: 1 | Loss: 6.1497 | Progress: 100% | Step: 385/385
2026-04-17 06:13:18 INFO Best Saved | Epoch: 1 | Monitor: internal_val_graph_sim | Value: 0.0793
2026-04-17 06:13:18 INFO Epoch Done | Covered Positive Edges: 48771 | Edge Cover Sampling S: 40.4781 | Epoch: 1 | Internal Val Graph Sim: 0.0793 | Internal Val Topology S: 21813.8271 | Mean Positive Edge Reuse: 1.0000 | Peak Gpu Mem Mb: 36549.2383 | Planned Subgraphs: 1540 | Positive Edge Coverage Ratio: 1.0000 | Total Positive Edges: 48771 | Train Forward Backward S: 7671.2318 | Train Loss: 6.1413 | Val AUPRC: 0.5307 | Val Pair Pass S: 176.4126 | Val Threshold S: 0.0041
2026-04-17 06:14:18 INFO Epoch Progress | Epoch: 2 | Loss: 2.3511 | Progress: 0% | Step: 1/386
2026-04-17 06:48:20 INFO Epoch Progress | Epoch: 2 | Loss: 2.6759 | Progress: 25% | Step: 97/386
2026-04-17 07:22:57 INFO Epoch Progress | Epoch: 2 | Loss: 2.6850 | Progress: 50% | Step: 194/386
2026-04-17 07:57:24 INFO Epoch Progress | Epoch: 2 | Loss: 2.7058 | Progress: 75% | Step: 291/386
2026-04-17 08:31:13 INFO Epoch Progress | Epoch: 2 | Loss: 2.7207 | Progress: 100% | Step: 386/386
2026-04-17 14:38:09 INFO Epoch Done | Covered Positive Edges: 48771 | Edge Cover Sampling S: 37.8865 | Epoch: 2 | Internal Val Graph Sim: 0.0793 | Internal Val Topology S: 21822.1444 | Mean Positive Edge Reuse: 1.0000 | Peak Gpu Mem Mb: 37186.3047 | Planned Subgraphs: 1542 | Positive Edge Coverage Ratio: 1.0000 | Total Positive Edges: 48771 | Train Forward Backward S: 7660.3733 | Train Loss: 2.7193 | Val AUPRC: 0.5471 | Val Pair Pass S: 174.3484 | Val Threshold S: 0.0044
2026-04-17 14:39:10 INFO Epoch Progress | Epoch: 3 | Loss: 2.8470 | Progress: 0% | Step: 1/386
2026-04-17 15:13:29 INFO Epoch Progress | Epoch: 3 | Loss: 2.6405 | Progress: 25% | Step: 97/386
2026-04-17 15:48:00 INFO Epoch Progress | Epoch: 3 | Loss: 2.6662 | Progress: 50% | Step: 194/386
2026-04-17 16:22:23 INFO Epoch Progress | Epoch: 3 | Loss: 2.6763 | Progress: 75% | Step: 291/386
2026-04-17 16:55:58 INFO Epoch Progress | Epoch: 3 | Loss: 2.6947 | Progress: 100% | Step: 386/386
2026-04-17 23:03:38 INFO Epoch Done | Covered Positive Edges: 48771 | Edge Cover Sampling S: 36.9135 | Epoch: 3 | Internal Val Graph Sim: 0.0793 | Internal Val Topology S: 21821.9730 | Mean Positive Edge Reuse: 1.0000 | Peak Gpu Mem Mb: 36563.0586 | Planned Subgraphs: 1541 | Positive Edge Coverage Ratio: 1.0000 | Total Positive Edges: 48771 | Train Forward Backward S: 7651.2858 | Train Loss: 2.6958 | Val AUPRC: 0.5500 | Val Pair Pass S: 174.9039 | Val Threshold S: 0.0045
2026-04-17 23:04:38 INFO Epoch Progress | Epoch: 4 | Loss: 2.5438 | Progress: 0% | Step: 1/386
2026-04-17 23:38:31 INFO Epoch Progress | Epoch: 4 | Loss: 2.5695 | Progress: 25% | Step: 97/386
2026-04-18 00:13:04 INFO Epoch Progress | Epoch: 4 | Loss: 2.6187 | Progress: 50% | Step: 194/386
2026-04-18 00:47:29 INFO Epoch Progress | Epoch: 4 | Loss: 2.6482 | Progress: 75% | Step: 291/386
2026-04-18 01:21:17 INFO Epoch Progress | Epoch: 4 | Loss: 2.6712 | Progress: 100% | Step: 386/386
2026-04-18 07:28:25 INFO Epoch Done | Covered Positive Edges: 48771 | Edge Cover Sampling S: 38.4456 | Epoch: 4 | Internal Val Graph Sim: 0.0793 | Internal Val Topology S: 21744.3259 | Mean Positive Edge Reuse: 1.0000 | Peak Gpu Mem Mb: 37058.0312 | Planned Subgraphs: 1541 | Positive Edge Coverage Ratio: 1.0000 | Total Positive Edges: 48771 | Train Forward Backward S: 7626.0458 | Train Loss: 2.6743 | Val AUPRC: 0.5565 | Val Pair Pass S: 176.7619 | Val Threshold S: 0.0047
2026-04-18 07:29:26 INFO Epoch Progress | Epoch: 5 | Loss: 2.6381 | Progress: 0% | Step: 1/385
2026-04-18 08:03:40 INFO Epoch Progress | Epoch: 5 | Loss: 2.6258 | Progress: 25% | Step: 97/385
2026-04-18 08:37:58 INFO Epoch Progress | Epoch: 5 | Loss: 2.6413 | Progress: 50% | Step: 194/385
2026-04-18 09:12:34 INFO Epoch Progress | Epoch: 5 | Loss: 2.6492 | Progress: 76% | Step: 291/385
2026-04-18 09:45:57 INFO Epoch Progress | Epoch: 5 | Loss: 2.6636 | Progress: 100% | Step: 385/385
2026-04-18 15:52:02 INFO Epoch Done | Covered Positive Edges: 48771 | Edge Cover Sampling S: 38.6928 | Epoch: 5 | Internal Val Graph Sim: 0.0793 | Internal Val Topology S: 21790.5583 | Mean Positive Edge Reuse: 1.0000 | Peak Gpu Mem Mb: 36450.3550 | Planned Subgraphs: 1540 | Positive Edge Coverage Ratio: 1.0000 | Total Positive Edges: 48771 | Train Forward Backward S: 7634.5751 | Train Loss: 2.6680 | Val AUPRC: 0.5666 | Val Pair Pass S: 174.4600 | Val Threshold S: 0.0042
2026-04-18 15:52:59 INFO Epoch Progress | Epoch: 6 | Loss: 2.4964 | Progress: 0% | Step: 1/386
2026-04-18 16:27:11 INFO Epoch Progress | Epoch: 6 | Loss: 2.5874 | Progress: 25% | Step: 97/386
2026-04-18 17:01:33 INFO Epoch Progress | Epoch: 6 | Loss: 2.6068 | Progress: 50% | Step: 194/386
2026-04-18 17:35:59 INFO Epoch Progress | Epoch: 6 | Loss: 2.6314 | Progress: 75% | Step: 291/386
2026-04-18 18:09:41 INFO Epoch Progress | Epoch: 6 | Loss: 2.6471 | Progress: 100% | Step: 386/386
